{"meta": {"format": 3, "version": "7.13.1", "timestamp": "2026-01-20T11:24:50.759054", "branch_coverage": false, "show_contexts": false}, "files": {"src/__init__.py": {"executed_lines": [7, 8, 9, 10, 12], "summary": {"covered_lines": 5, "num_statements": 5, "percent_covered": 100.0, "percent_covered_display": "100", "missing_lines": 0, "excluded_lines": 0, "percent_statements_covered": 100.0, "percent_statements_covered_display": "100"}, "missing_lines": [], "excluded_lines": [], "functions": {"": {"executed_lines": [7, 8, 9, 10, 12], "summary": {"covered_lines": 5, "num_statements": 5, "percent_covered": 100.0, "percent_covered_display": "100", "missing_lines": 0, "excluded_lines": 0, "percent_statements_covered": 100.0, "percent_statements_covered_display": "100"}, "missing_lines": [], "excluded_lines": [], "start_line": 1}}, "classes": {"": {"executed_lines": [7, 8, 9, 10, 12], "summary": {"covered_lines": 5, "num_statements": 5, "percent_covered": 100.0, "percent_covered_display": "100", "missing_lines": 0, "excluded_lines": 0, "percent_statements_covered": 100.0, "percent_statements_covered_display": "100"}, "missing_lines": [], "excluded_lines": [], "start_line": 1}}}, "src/api_adapter.py": {"executed_lines": [6, 7, 8, 9, 10, 11, 13, 16, 19, 20, 24, 25, 29, 30, 34, 35, 39, 40, 44, 45, 49, 50, 54, 55, 60, 63, 64, 69, 72, 75, 78, 81, 84, 87, 90, 93, 96, 100, 103, 106, 112, 114, 115, 116, 118, 119, 120, 122, 169, 171, 174, 175, 176, 177, 185, 186, 194, 195, 203, 204, 205, 213, 214, 221, 230, 231, 232, 234, 310, 315, 319, 323, 327, 334, 341, 346, 349, 350, 351, 352, 353, 356, 358, 381, 384, 385, 386, 387, 389, 395, 397, 398, 399, 403], "summary": {"covered_lines": 94, "num_statements": 174, "percent_covered": 54.02298850574713, "percent_covered_display": "54", "missing_lines": 80, "excluded_lines": 0, "percent_statements_covered": 54.02298850574713, "percent_statements_covered_display": "54"}, "missing_lines": [22, 27, 32, 37, 42, 47, 52, 57, 66, 73, 76, 79, 82, 85, 88, 91, 94, 97, 104, 107, 124, 127, 128, 129, 130, 138, 139, 147, 148, 149, 157, 159, 167, 236, 239, 241, 250, 251, 253, 261, 262, 264, 275, 277, 278, 279, 280, 281, 282, 283, 284, 286, 296, 299, 308, 313, 317, 321, 325, 329, 336, 343, 360, 363, 364, 365, 366, 367, 368, 369, 370, 371, 372, 373, 375, 377, 378, 391, 392, 393], "excluded_lines": [], "functions": {"QuoteApiInterface.get_stock_briefs": {"executed_lines": [], "summary": {"covered_lines": 0, "num_statements": 1, "percent_covered": 0.0, "percent_covered_display": "0", "missing_lines": 1, "excluded_lines": 0, "percent_statements_covered": 0.0, "percent_statements_covered_display": "0"}, "missing_lines": [22], "excluded_lines": [], "start_line": 20}, "QuoteApiInterface.get_future_exchanges": {"executed_lines": [], "summary": {"covered_lines": 0, "num_statements": 1, "percent_covered": 0.0, "percent_covered_display": "0", "missing_lines": 1, "excluded_lines": 0, "percent_statements_covered": 0.0, "percent_statements_covered_display": "0"}, "missing_lines": [27], "excluded_lines": [], "start_line": 25}, "QuoteApiInterface.get_future_contracts": {"executed_lines": [], "summary": {"covered_lines": 0, "num_statements": 1, "percent_covered": 0.0, "percent_covered_display": "0", "missing_lines": 1, "excluded_lines": 0, "percent_statements_covered": 0.0, "percent_statements_covered_display": "0"}, "missing_lines": [32], "excluded_lines": [], "start_line": 30}, "QuoteApiInterface.get_all_future_contracts": {"executed_lines": [], "summary": {"covered_lines": 0, "num_statements": 1, "percent_covered": 0.0, "percent_covered_display": "0", "missing_lines": 1, "excluded_lines": 0, "percent_statements_covered": 0.0, "percent_statements_covered_display": "0"}, "missing_lines": [37], "excluded_lines": [], "start_line": 35}, "QuoteApiInterface.get_current_future_contract": {"executed_lines": [], "summary": {"covered_lines": 0, "num_statements": 1, "percent_covered": 0.0, "percent_covered_display": "0", "missing_lines": 1, "excluded_lines": 0, "percent_statements_covered": 0.0, "percent_statements_covered_display": "0"}, "missing_lines": [42], "excluded_lines": [], "start_line": 40}, "QuoteApiInterface.get_quote_permission": {"executed_lines": [], "summary": {"covered_lines": 0, "num_statements": 1, "percent_covered": 0.0, "percent_covered_display": "0", "missing_lines": 1, "excluded_lines": 0, "percent_statements_covered": 0.0, "percent_statements_covered_display": "0"}, "missing_lines": [47], "excluded_lines": [], "start_line": 45}, "QuoteApiInterface.get_future_brief": {"executed_lines": [], "summary": {"covered_lines": 0, "num_statements": 1, "percent_covered": 0.0, "percent_covered_display": "0", "missing_lines": 1, "excluded_lines": 0, "percent_statements_covered": 0.0, "percent_statements_covered_display": "0"}, "missing_lines": [52], "excluded_lines": [], "start_line": 50}, "QuoteApiInterface.get_future_bars": {"executed_lines": [], "summary": {"covered_lines": 0, "num_statements": 1, "percent_covered": 0.0, "percent_covered_display": "0", "missing_lines": 1, "excluded_lines": 0, "percent_statements_covered": 0.0, "percent_statements_covered_display": "0"}, "missing_lines": [57], "excluded_lines": [], "start_line": 55}, "TradeApiInterface.place_order": {"executed_lines": [], "summary": {"covered_lines": 0, "num_statements": 1, "percent_covered": 0.0, "percent_covered_display": "0", "missing_lines": 1, "excluded_lines": 0, "percent_statements_covered": 0.0, "percent_statements_covered_display": "0"}, "missing_lines": [66], "excluded_lines": [], "start_line": 64}, "RealQuoteApiAdapter.__init__": {"executed_lines": [], "summary": {"covered_lines": 0, "num_statements": 1, "percent_covered": 0.0, "percent_covered_display": "0", "missing_lines": 1, "excluded_lines": 0, "percent_statements_covered": 0.0, "percent_statements_covered_display": "0"}, "missing_lines": [73], "excluded_lines": [], "start_line": 72}, "RealQuoteApiAdapter.get_stock_briefs": {"executed_lines": [], "summary": {"covered_lines": 0, "num_statements": 1, "percent_covered": 0.0, "percent_covered_display": "0", "missing_lines": 1, "excluded_lines": 0, "percent_statements_covered": 0.0, "percent_statements_covered_display": "0"}, "missing_lines": [76], "excluded_lines": [], "start_line": 75}, "RealQuoteApiAdapter.get_future_exchanges": {"executed_lines": [], "summary": {"covered_lines": 0, "num_statements": 1, "percent_covered": 0.0, "percent_covered_display": "0", "missing_lines": 1, "excluded_lines": 0, "percent_statements_covered": 0.0, "percent_statements_covered_display": "0"}, "missing_lines": [79], "excluded_lines": [], "start_line": 78}, "RealQuoteApiAdapter.get_future_contracts": {"executed_lines": [], "summary": {"covered_lines": 0, "num_statements": 1, "percent_covered": 0.0, "percent_covered_display": "0", "missing_lines": 1, "excluded_lines": 0, "percent_statements_covered": 0.0, "percent_statements_covered_display": "0"}, "missing_lines": [82], "excluded_lines": [], "start_line": 81}, "RealQuoteApiAdapter.get_all_future_contracts": {"executed_lines": [], "summary": {"covered_lines": 0, "num_statements": 1, "percent_covered": 0.0, "percent_covered_display": "0", "missing_lines": 1, "excluded_lines": 0, "percent_statements_covered": 0.0, "percent_statements_covered_display": "0"}, "missing_lines": [85], "excluded_lines": [], "start_line": 84}, "RealQuoteApiAdapter.get_current_future_contract": {"executed_lines": [], "summary": {"covered_lines": 0, "num_statements": 1, "percent_covered": 0.0, "percent_covered_display": "0", "missing_lines": 1, "excluded_lines": 0, "percent_statements_covered": 0.0, "percent_statements_covered_display": "0"}, "missing_lines": [88], "excluded_lines": [], "start_line": 87}, "RealQuoteApiAdapter.get_quote_permission": {"executed_lines": [], "summary": {"covered_lines": 0, "num_statements": 1, "percent_covered": 0.0, "percent_covered_display": "0", "missing_lines": 1, "excluded_lines": 0, "percent_statements_covered": 0.0, "percent_statements_covered_display": "0"}, "missing_lines": [91], "excluded_lines": [], "start_line": 90}, "RealQuoteApiAdapter.get_future_brief": {"executed_lines": [], "summary": {"covered_lines": 0, "num_statements": 1, "percent_covered": 0.0, "percent_covered_display": "0", "missing_lines": 1, "excluded_lines": 0, "percent_statements_covered": 0.0, "percent_statements_covered_display": "0"}, "missing_lines": [94], "excluded_lines": [], "start_line": 93}, "RealQuoteApiAdapter.get_future_bars": {"executed_lines": [], "summary": {"covered_lines": 0, "num_statements": 1, "percent_covered": 0.0, "percent_covered_display": "0", "missing_lines": 1, "excluded_lines": 0, "percent_statements_covered": 0.0, "percent_statements_covered_display": "0"}, "missing_lines": [97], "excluded_lines": [], "start_line": 96}, "RealTradeApiAdapter.__init__": {"executed_lines": [], "summary": {"covered_lines": 0, "num_statements": 1, "percent_covered": 0.0, "percent_covered_display": "0", "missing_lines": 1, "excluded_lines": 0, "percent_statements_covered": 0.0, "percent_statements_covered_display": "0"}, "missing_lines": [104], "excluded_lines": [], "start_line": 103}, "RealTradeApiAdapter.place_order": {"executed_lines": [], "summary": {"covered_lines": 0, "num_statements": 1, "percent_covered": 0.0, "percent_covered_display": "0", "missing_lines": 1, "excluded_lines": 0, "percent_statements_covered": 0.0, "percent_statements_covered_display": "0"}, "missing_lines": [107], "excluded_lines": [], "start_line": 106}, "MockQuoteApiAdapter.__init__": {"executed_lines": [115, 116, 118, 119, 120], "summary": {"covered_lines": 5, "num_statements": 5, "percent_covered": 100.0, "percent_covered_display": "100", "missing_lines": 0, "excluded_lines": 0, "percent_statements_covered": 100.0, "percent_statements_covered_display": "100"}, "missing_lines": [], "excluded_lines": [], "start_line": 114}, "MockQuoteApiAdapter.get_bars": {"executed_lines": [], "summary": {"covered_lines": 0, "num_statements": 13, "percent_covered": 0.0, "percent_covered_display": "0", "missing_lines": 13, "excluded_lines": 0, "percent_statements_covered": 0.0, "percent_statements_covered_display": "0"}, "missing_lines": [124, 127, 128, 129, 130, 138, 139, 147, 148, 149, 157, 159, 167], "excluded_lines": [], "start_line": 122}, "MockQuoteApiAdapter.get_future_bars": {"executed_lines": [171, 174, 175, 176, 177, 185, 186, 194, 195, 203, 204, 205, 213, 214, 221, 230, 231, 232], "summary": {"covered_lines": 18, "num_statements": 18, "percent_covered": 100.0, "percent_covered_display": "100", "missing_lines": 0, "excluded_lines": 0, "percent_statements_covered": 100.0, "percent_statements_covered_display": "100"}, "missing_lines": [], "excluded_lines": [], "start_line": 169}, "MockQuoteApiAdapter.get_future_bars_by_page": {"executed_lines": [], "summary": {"covered_lines": 0, "num_statements": 22, "percent_covered": 0.0, "percent_covered_display": "0", "missing_lines": 22, "excluded_lines": 0, "percent_statements_covered": 0.0, "percent_statements_covered_display": "0"}, "missing_lines": [236, 239, 241, 250, 251, 253, 261, 262, 264, 275, 277, 278, 279, 280, 281, 282, 283, 284, 286, 296, 299, 308], "excluded_lines": [], "start_line": 234}, "MockQuoteApiAdapter.get_stock_briefs": {"executed_lines": [], "summary": {"covered_lines": 0, "num_statements": 1, "percent_covered": 0.0, "percent_covered_display": "0", "missing_lines": 1, "excluded_lines": 0, "percent_statements_covered": 0.0, "percent_statements_covered_display": "0"}, "missing_lines": [313], "excluded_lines": [], "start_line": 310}, "MockQuoteApiAdapter.get_future_contracts": {"executed_lines": [], "summary": {"covered_lines": 0, "num_statements": 1, "percent_covered": 0.0, "percent_covered_display": "0", "missing_lines": 1, "excluded_lines": 0, "percent_statements_covered": 0.0, "percent_statements_covered_display": "0"}, "missing_lines": [317], "excluded_lines": [], "start_line": 315}, "MockQuoteApiAdapter.get_current_future_contract": {"executed_lines": [], "summary": {"covered_lines": 0, "num_statements": 1, "percent_covered": 0.0, "percent_covered_display": "0", "missing_lines": 1, "excluded_lines": 0, "percent_statements_covered": 0.0, "percent_statements_covered_display": "0"}, "missing_lines": [321], "excluded_lines": [], "start_line": 319}, "MockQuoteApiAdapter.get_all_future_contracts": {"executed_lines": [], "summary": {"covered_lines": 0, "num_statements": 1, "percent_covered": 0.0, "percent_covered_display": "0", "missing_lines": 1, "excluded_lines": 0, "percent_statements_covered": 0.0, "percent_statements_covered_display": "0"}, "missing_lines": [325], "excluded_lines": [], "start_line": 323}, "MockQuoteApiAdapter.get_future_exchanges": {"executed_lines": [], "summary": {"covered_lines": 0, "num_statements": 1, "percent_covered": 0.0, "percent_covered_display": "0", "missing_lines": 1, "excluded_lines": 0, "percent_statements_covered": 0.0, "percent_statements_covered_display": "0"}, "missing_lines": [329], "excluded_lines": [], "start_line": 327}, "MockQuoteApiAdapter.get_future_brief": {"executed_lines": [], "summary": {"covered_lines": 0, "num_statements": 1, "percent_covered": 0.0, "percent_covered_display": "0", "missing_lines": 1, "excluded_lines": 0, "percent_statements_covered": 0.0, "percent_statements_covered_display": "0"}, "missing_lines": [336], "excluded_lines": [], "start_line": 334}, "MockQuoteApiAdapter.get_quote_permission": {"executed_lines": [], "summary": {"covered_lines": 0, "num_statements": 1, "percent_covered": 0.0, "percent_covered_display": "0", "missing_lines": 1, "excluded_lines": 0, "percent_statements_covered": 0.0, "percent_statements_covered_display": "0"}, "missing_lines": [343], "excluded_lines": [], "start_line": 341}, "MockTradeApiAdapter.__init__": {"executed_lines": [350, 351, 352, 353, 356], "summary": {"covered_lines": 5, "num_statements": 5, "percent_covered": 100.0, "percent_covered_display": "100", "missing_lines": 0, "excluded_lines": 0, "percent_statements_covered": 100.0, "percent_statements_covered_display": "100"}, "missing_lines": [], "excluded_lines": [], "start_line": 349}, "MockTradeApiAdapter.place_order": {"executed_lines": [], "summary": {"covered_lines": 0, "num_statements": 6, "percent_covered": 0.0, "percent_covered_display": "0", "missing_lines": 6, "excluded_lines": 0, "percent_statements_covered": 0.0, "percent_statements_covered_display": "0"}, "missing_lines": [360, 363, 364, 375, 377, 378], "excluded_lines": [], "start_line": 358}, "MockTradeApiAdapter.place_order.MockOrder.__init__": {"executed_lines": [], "summary": {"covered_lines": 0, "num_statements": 9, "percent_covered": 0.0, "percent_covered_display": "0", "missing_lines": 9, "excluded_lines": 0, "percent_statements_covered": 0.0, "percent_statements_covered_display": "0"}, "missing_lines": [365, 366, 367, 368, 369, 370, 371, 372, 373], "excluded_lines": [], "start_line": 364}, "ApiAdapterManager.__init__": {"executed_lines": [385, 386, 387], "summary": {"covered_lines": 3, "num_statements": 3, "percent_covered": 100.0, "percent_covered_display": "100", "missing_lines": 0, "excluded_lines": 0, "percent_statements_covered": 100.0, "percent_statements_covered_display": "100"}, "missing_lines": [], "excluded_lines": [], "start_line": 384}, "ApiAdapterManager.initialize_real_apis": {"executed_lines": [], "summary": {"covered_lines": 0, "num_statements": 3, "percent_covered": 0.0, "percent_covered_display": "0", "missing_lines": 3, "excluded_lines": 0, "percent_statements_covered": 0.0, "percent_statements_covered_display": "0"}, "missing_lines": [391, 392, 393], "excluded_lines": [], "start_line": 389}, "ApiAdapterManager.initialize_mock_apis": {"executed_lines": [397, 398, 399], "summary": {"covered_lines": 3, "num_statements": 3, "percent_covered": 100.0, "percent_covered_display": "100", "missing_lines": 0, "excluded_lines": 0, "percent_statements_covered": 100.0, "percent_statements_covered_display": "100"}, "missing_lines": [], "excluded_lines": [], "start_line": 395}, "": {"executed_lines": [6, 7, 8, 9, 10, 11, 13, 16, 19, 20, 24, 25, 29, 30, 34, 35, 39, 40, 44, 45, 49, 50, 54, 55, 60, 63, 64, 69, 72, 75, 78, 81, 84, 87, 90, 93, 96, 100, 103, 106, 112, 114, 122, 169, 234, 310, 315, 319, 323, 327, 334, 341, 346, 349, 358, 381, 384, 389, 395, 403], "summary": {"covered_lines": 60, "num_statements": 60, "percent_covered": 100.0, "percent_covered_display": "100", "missing_lines": 0, "excluded_lines": 0, "percent_statements_covered": 100.0, "percent_statements_covered_display": "100"}, "missing_lines": [], "excluded_lines": [], "start_line": 1}}, "classes": {"QuoteApiInterface": {"executed_lines": [], "summary": {"covered_lines": 0, "num_statements": 8, "percent_covered": 0.0, "percent_covered_display": "0", "missing_lines": 8, "excluded_lines": 0, "percent_statements_covered": 0.0, "percent_statements_covered_display": "0"}, "missing_lines": [22, 27, 32, 37, 42, 47, 52, 57], "excluded_lines": [], "start_line": 16}, "TradeApiInterface": {"executed_lines": [], "summary": {"covered_lines": 0, "num_statements": 1, "percent_covered": 0.0, "percent_covered_display": "0", "missing_lines": 1, "excluded_lines": 0, "percent_statements_covered": 0.0, "percent_statements_covered_display": "0"}, "missing_lines": [66], "excluded_lines": [], "start_line": 60}, "RealQuoteApiAdapter": {"executed_lines": [], "summary": {"covered_lines": 0, "num_statements": 9, "percent_covered": 0.0, "percent_covered_display": "0", "missing_lines": 9, "excluded_lines": 0, "percent_statements_covered": 0.0, "percent_statements_covered_display": "0"}, "missing_lines": [73, 76, 79, 82, 85, 88, 91, 94, 97], "excluded_lines": [], "start_line": 69}, "RealTradeApiAdapter": {"executed_lines": [], "summary": {"covered_lines": 0, "num_statements": 2, "percent_covered": 0.0, "percent_covered_display": "0", "missing_lines": 2, "excluded_lines": 0, "percent_statements_covered": 0.0, "percent_statements_covered_display": "0"}, "missing_lines": [104, 107], "excluded_lines": [], "start_line": 100}, "MockQuoteApiAdapter": {"executed_lines": [115, 116, 118, 119, 120, 171, 174, 175, 176, 177, 185, 186, 194, 195, 203, 204, 205, 213, 214, 221, 230, 231, 232], "summary": {"covered_lines": 23, "num_statements": 65, "percent_covered": 35.38461538461539, "percent_covered_display": "35", "missing_lines": 42, "excluded_lines": 0, "percent_statements_covered": 35.38461538461539, "percent_statements_covered_display": "35"}, "missing_lines": [124, 127, 128, 129, 130, 138, 139, 147, 148, 149, 157, 159, 167, 236, 239, 241, 250, 251, 253, 261, 262, 264, 275, 277, 278, 279, 280, 281, 282, 283, 284, 286, 296, 299, 308, 313, 317, 321, 325, 329, 336, 343], "excluded_lines": [], "start_line": 112}, "MockTradeApiAdapter": {"executed_lines": [350, 351, 352, 353, 356], "summary": {"covered_lines": 5, "num_statements": 11, "percent_covered": 45.45454545454545, "percent_covered_display": "45", "missing_lines": 6, "excluded_lines": 0, "percent_statements_covered": 45.45454545454545, "percent_statements_covered_display": "45"}, "missing_lines": [360, 363, 364, 375, 377, 378], "excluded_lines": [], "start_line": 346}, "MockTradeApiAdapter.place_order.MockOrder": {"executed_lines": [], "summary": {"covered_lines": 0, "num_statements": 9, "percent_covered": 0.0, "percent_covered_display": "0", "missing_lines": 9, "excluded_lines": 0, "percent_statements_covered": 0.0, "percent_statements_covered_display": "0"}, "missing_lines": [365, 366, 367, 368, 369, 370, 371, 372, 373], "excluded_lines": [], "start_line": 363}, "ApiAdapterManager": {"executed_lines": [385, 386, 387, 397, 398, 399], "summary": {"covered_lines": 6, "num_statements": 9, "percent_covered": 66.66666666666667, "percent_covered_display": "67", "missing_lines": 3, "excluded_lines": 0, "percent_statements_covered": 66.66666666666667, "percent_statements_covered_display": "67"}, "missing_lines": [391, 392, 393], "excluded_lines": [], "start_line": 381}, "": {"executed_lines": [6, 7, 8, 9, 10, 11, 13, 16, 19, 20, 24, 25, 29, 30, 34, 35, 39, 40, 44, 45, 49, 50, 54, 55, 60, 63, 64, 69, 72, 75, 78, 81, 84, 87, 90, 93, 96, 100, 103, 106, 112, 114, 122, 169, 234, 310, 315, 319, 323, 327, 334, 341, 346, 349, 358, 381, 384, 389, 395, 403], "summary": {"covered_lines": 60, "num_statements": 60, "percent_covered": 100.0, "percent_covered_display": "100", "missing_lines": 0, "excluded_lines": 0, "percent_statements_covered": 100.0, "percent_statements_covered_display": "100"}, "missing_lines": [], "excluded_lines": [], "start_line": 1}}}, "src/api_agent.py": {"executed_lines": [6, 7, 8, 9, 10, 11, 12, 13, 14, 17, 20, 21, 23, 37, 54, 67, 80, 90, 98, 112, 162, 199, 202, 203, 204, 205, 219, 241, 248, 261, 268, 272, 277, 280, 281, 283, 284, 285, 292, 324, 328, 336], "summary": {"covered_lines": 42, "num_statements": 151, "percent_covered": 27.814569536423843, "percent_covered_display": "28", "missing_lines": 109, "excluded_lines": 0, "percent_statements_covered": 27.814569536423843, "percent_statements_covered_display": "28"}, "missing_lines": [25, 26, 27, 35, 39, 52, 56, 65, 69, 78, 82, 92, 100, 101, 102, 110, 114, 115, 118, 119, 121, 122, 123, 125, 126, 127, 128, 129, 130, 131, 132, 135, 137, 138, 139, 140, 141, 142, 144, 155, 156, 157, 158, 160, 164, 165, 168, 169, 171, 172, 173, 174, 175, 176, 177, 178, 179, 181, 191, 192, 193, 194, 196, 221, 224, 225, 226, 227, 228, 229, 230, 231, 232, 233, 234, 236, 238, 239, 243, 244, 245, 246, 250, 251, 252, 253, 254, 255, 256, 257, 258, 259, 263, 264, 265, 266, 270, 274, 289, 290, 294, 295, 296, 305, 313, 314, 316, 326, 330], "excluded_lines": [], "functions": {"MockQuoteClient.__init__": {"executed_lines": [21], "summary": {"covered_lines": 1, "num_statements": 1, "percent_covered": 100.0, "percent_covered_display": "100", "missing_lines": 0, "excluded_lines": 0, "percent_statements_covered": 100.0, "percent_statements_covered_display": "100"}, "missing_lines": [], "excluded_lines": [], "start_line": 20}, "MockQuoteClient.get_stock_briefs": {"executed_lines": [], "summary": {"covered_lines": 0, "num_statements": 4, "percent_covered": 0.0, "percent_covered_display": "0", "missing_lines": 4, "excluded_lines": 0, "percent_statements_covered": 0.0, "percent_statements_covered_display": "0"}, "missing_lines": [25, 26, 27, 35], "excluded_lines": [], "start_line": 23}, "MockQuoteClient.get_future_exchanges": {"executed_lines": [], "summary": {"covered_lines": 0, "num_statements": 2, "percent_covered": 0.0, "percent_covered_display": "0", "missing_lines": 2, "excluded_lines": 0, "percent_statements_covered": 0.0, "percent_statements_covered_display": "0"}, "missing_lines": [39, 52], "excluded_lines": [], "start_line": 37}, "MockQuoteClient.get_future_contracts": {"executed_lines": [], "summary": {"covered_lines": 0, "num_statements": 2, "percent_covered": 0.0, "percent_covered_display": "0", "missing_lines": 2, "excluded_lines": 0, "percent_statements_covered": 0.0, "percent_statements_covered_display": "0"}, "missing_lines": [56, 65], "excluded_lines": [], "start_line": 54}, "MockQuoteClient.get_all_future_contracts": {"executed_lines": [], "summary": {"covered_lines": 0, "num_statements": 2, "percent_covered": 0.0, "percent_covered_display": "0", "missing_lines": 2, "excluded_lines": 0, "percent_statements_covered": 0.0, "percent_statements_covered_display": "0"}, "missing_lines": [69, 78], "excluded_lines": [], "start_line": 67}, "MockQuoteClient.get_current_future_contract": {"executed_lines": [], "summary": {"covered_lines": 0, "num_statements": 1, "percent_covered": 0.0, "percent_covered_display": "0", "missing_lines": 1, "excluded_lines": 0, "percent_statements_covered": 0.0, "percent_statements_covered_display": "0"}, "missing_lines": [82], "excluded_lines": [], "start_line": 80}, "MockQuoteClient.get_quote_permission": {"executed_lines": [], "summary": {"covered_lines": 0, "num_statements": 1, "percent_covered": 0.0, "percent_covered_display": "0", "missing_lines": 1, "excluded_lines": 0, "percent_statements_covered": 0.0, "percent_statements_covered_display": "0"}, "missing_lines": [92], "excluded_lines": [], "start_line": 90}, "MockQuoteClient.get_future_brief": {"executed_lines": [], "summary": {"covered_lines": 0, "num_statements": 4, "percent_covered": 0.0, "percent_covered_display": "0", "missing_lines": 4, "excluded_lines": 0, "percent_statements_covered": 0.0, "percent_statements_covered_display": "0"}, "missing_lines": [100, 101, 102, 110], "excluded_lines": [], "start_line": 98}, "MockQuoteClient.get_future_bars": {"executed_lines": [], "summary": {"covered_lines": 0, "num_statements": 28, "percent_covered": 0.0, "percent_covered_display": "0", "missing_lines": 28, "excluded_lines": 0, "percent_statements_covered": 0.0, "percent_statements_covered_display": "0"}, "missing_lines": [114, 115, 118, 119, 121, 122, 123, 125, 126, 127, 128, 129, 130, 131, 132, 135, 137, 138, 139, 140, 141, 142, 144, 155, 156, 157, 158, 160], "excluded_lines": [], "start_line": 112}, "MockQuoteClient.get_bars": {"executed_lines": [], "summary": {"covered_lines": 0, "num_statements": 19, "percent_covered": 0.0, "percent_covered_display": "0", "missing_lines": 19, "excluded_lines": 0, "percent_statements_covered": 0.0, "percent_statements_covered_display": "0"}, "missing_lines": [164, 165, 168, 169, 171, 172, 173, 174, 175, 176, 177, 178, 179, 181, 191, 192, 193, 194, 196], "excluded_lines": [], "start_line": 162}, "MockTradeClient.__init__": {"executed_lines": [203, 204, 205], "summary": {"covered_lines": 3, "num_statements": 3, "percent_covered": 100.0, "percent_covered_display": "100", "missing_lines": 0, "excluded_lines": 0, "percent_statements_covered": 100.0, "percent_statements_covered_display": "100"}, "missing_lines": [], "excluded_lines": [], "start_line": 202}, "MockTradeClient.place_order": {"executed_lines": [], "summary": {"covered_lines": 0, "num_statements": 6, "percent_covered": 0.0, "percent_covered_display": "0", "missing_lines": 6, "excluded_lines": 0, "percent_statements_covered": 0.0, "percent_statements_covered_display": "0"}, "missing_lines": [221, 224, 225, 236, 238, 239], "excluded_lines": [], "start_line": 219}, "MockTradeClient.place_order.MockOrder.__init__": {"executed_lines": [], "summary": {"covered_lines": 0, "num_statements": 9, "percent_covered": 0.0, "percent_covered_display": "0", "missing_lines": 9, "excluded_lines": 0, "percent_statements_covered": 0.0, "percent_statements_covered_display": "0"}, "missing_lines": [226, 227, 228, 229, 230, 231, 232, 233, 234], "excluded_lines": [], "start_line": 225}, "MockTradeClient.cancel_order": {"executed_lines": [], "summary": {"covered_lines": 0, "num_statements": 4, "percent_covered": 0.0, "percent_covered_display": "0", "missing_lines": 4, "excluded_lines": 0, "percent_statements_covered": 0.0, "percent_statements_covered_display": "0"}, "missing_lines": [243, 244, 245, 246], "excluded_lines": [], "start_line": 241}, "MockTradeClient.modify_order": {"executed_lines": [], "summary": {"covered_lines": 0, "num_statements": 10, "percent_covered": 0.0, "percent_covered_display": "0", "missing_lines": 10, "excluded_lines": 0, "percent_statements_covered": 0.0, "percent_statements_covered_display": "0"}, "missing_lines": [250, 251, 252, 253, 254, 255, 256, 257, 258, 259], "excluded_lines": [], "start_line": 248}, "MockTradeClient.get_orders": {"executed_lines": [], "summary": {"covered_lines": 0, "num_statements": 4, "percent_covered": 0.0, "percent_covered_display": "0", "missing_lines": 4, "excluded_lines": 0, "percent_statements_covered": 0.0, "percent_statements_covered_display": "0"}, "missing_lines": [263, 264, 265, 266], "excluded_lines": [], "start_line": 261}, "MockTradeClient.get_positions": {"executed_lines": [], "summary": {"covered_lines": 0, "num_statements": 1, "percent_covered": 0.0, "percent_covered_display": "0", "missing_lines": 1, "excluded_lines": 0, "percent_statements_covered": 0.0, "percent_statements_covered_display": "0"}, "missing_lines": [270], "excluded_lines": [], "start_line": 268}, "MockTradeClient.get_account_info": {"executed_lines": [], "summary": {"covered_lines": 0, "num_statements": 1, "percent_covered": 0.0, "percent_covered_display": "0", "missing_lines": 1, "excluded_lines": 0, "percent_statements_covered": 0.0, "percent_statements_covered_display": "0"}, "missing_lines": [274], "excluded_lines": [], "start_line": 272}, "APIAgent.__init__": {"executed_lines": [281, 283, 284, 285], "summary": {"covered_lines": 4, "num_statements": 6, "percent_covered": 66.66666666666667, "percent_covered_display": "67", "missing_lines": 2, "excluded_lines": 0, "percent_statements_covered": 66.66666666666667, "percent_statements_covered_display": "67"}, "missing_lines": [289, 290], "excluded_lines": [], "start_line": 280}, "APIAgent.get_kline_data": {"executed_lines": [], "summary": {"covered_lines": 0, "num_statements": 7, "percent_covered": 0.0, "percent_covered_display": "0", "missing_lines": 7, "excluded_lines": 0, "percent_statements_covered": 0.0, "percent_statements_covered_display": "0"}, "missing_lines": [294, 295, 296, 305, 313, 314, 316], "excluded_lines": [], "start_line": 292}, "APIAgent.get_account_info": {"executed_lines": [], "summary": {"covered_lines": 0, "num_statements": 1, "percent_covered": 0.0, "percent_covered_display": "0", "missing_lines": 1, "excluded_lines": 0, "percent_statements_covered": 0.0, "percent_statements_covered_display": "0"}, "missing_lines": [326], "excluded_lines": [], "start_line": 324}, "APIAgent.place_order": {"executed_lines": [], "summary": {"covered_lines": 0, "num_statements": 1, "percent_covered": 0.0, "percent_covered_display": "0", "missing_lines": 1, "excluded_lines": 0, "percent_statements_covered": 0.0, "percent_statements_covered_display": "0"}, "missing_lines": [330], "excluded_lines": [], "start_line": 328}, "": {"executed_lines": [6, 7, 8, 9, 10, 11, 12, 13, 14, 17, 20, 23, 37, 54, 67, 80, 90, 98, 112, 162, 199, 202, 219, 241, 248, 261, 268, 272, 277, 280, 292, 324, 328, 336], "summary": {"covered_lines": 34, "num_statements": 34, "percent_covered": 100.0, "percent_covered_display": "100", "missing_lines": 0, "excluded_lines": 0, "percent_statements_covered": 100.0, "percent_statements_covered_display": "100"}, "missing_lines": [], "excluded_lines": [], "start_line": 1}}, "classes": {"MockQuoteClient": {"executed_lines": [21], "summary": {"covered_lines": 1, "num_statements": 64, "percent_covered": 1.5625, "percent_covered_display": "2", "missing_lines": 63, "excluded_lines": 0, "percent_statements_covered": 1.5625, "percent_statements_covered_display": "2"}, "missing_lines": [25, 26, 27, 35, 39, 52, 56, 65, 69, 78, 82, 92, 100, 101, 102, 110, 114, 115, 118, 119, 121, 122, 123, 125, 126, 127, 128, 129, 130, 131, 132, 135, 137, 138, 139, 140, 141, 142, 144, 155, 156, 157, 158, 160, 164, 165, 168, 169, 171, 172, 173, 174, 175, 176, 177, 178, 179, 181, 191, 192, 193, 194, 196], "excluded_lines": [], "start_line": 17}, "MockTradeClient": {"executed_lines": [203, 204, 205], "summary": {"covered_lines": 3, "num_statements": 29, "percent_covered": 10.344827586206897, "percent_covered_display": "10", "missing_lines": 26, "excluded_lines": 0, "percent_statements_covered": 10.344827586206897, "percent_statements_covered_display": "10"}, "missing_lines": [221, 224, 225, 236, 238, 239, 243, 244, 245, 246, 250, 251, 252, 253, 254, 255, 256, 257, 258, 259, 263, 264, 265, 266, 270, 274], "excluded_lines": [], "start_line": 199}, "MockTradeClient.place_order.MockOrder": {"executed_lines": [], "summary": {"covered_lines": 0, "num_statements": 9, "percent_covered": 0.0, "percent_covered_display": "0", "missing_lines": 9, "excluded_lines": 0, "percent_statements_covered": 0.0, "percent_statements_covered_display": "0"}, "missing_lines": [226, 227, 228, 229, 230, 231, 232, 233, 234], "excluded_lines": [], "start_line": 224}, "APIAgent": {"executed_lines": [281, 283, 284, 285], "summary": {"covered_lines": 4, "num_statements": 15, "percent_covered": 26.666666666666668, "percent_covered_display": "27", "missing_lines": 11, "excluded_lines": 0, "percent_statements_covered": 26.666666666666668, "percent_statements_covered_display": "27"}, "missing_lines": [289, 290, 294, 295, 296, 305, 313, 314, 316, 326, 330], "excluded_lines": [], "start_line": 277}, "": {"executed_lines": [6, 7, 8, 9, 10, 11, 12, 13, 14, 17, 20, 23, 37, 54, 67, 80, 90, 98, 112, 162, 199, 202, 219, 241, 248, 261, 268, 272, 277, 280, 292, 324, 328, 336], "summary": {"covered_lines": 34, "num_statements": 34, "percent_covered": 100.0, "percent_covered_display": "100", "missing_lines": 0, "excluded_lines": 0, "percent_statements_covered": 100.0, "percent_statements_covered_display": "100"}, "missing_lines": [], "excluded_lines": [], "start_line": 1}}}, "src/data_fetcher.py": {"executed_lines": [1, 2, 3, 4, 5, 6, 7, 8, 9, 12, 13, 14, 15, 18, 75, 105, 160, 205, 248], "summary": {"covered_lines": 19, "num_statements": 137, "percent_covered": 13.86861313868613, "percent_covered_display": "14", "missing_lines": 118, "excluded_lines": 0, "percent_statements_covered": 13.86861313868613, "percent_statements_covered_display": "14"}, "missing_lines": [22, 25, 29, 32, 33, 34, 36, 37, 38, 41, 51, 52, 53, 54, 55, 58, 59, 60, 61, 62, 65, 66, 68, 70, 71, 72, 80, 81, 84, 85, 86, 88, 89, 91, 92, 93, 96, 97, 99, 100, 102, 109, 111, 114, 115, 116, 117, 120, 122, 124, 125, 126, 128, 129, 130, 133, 136, 137, 138, 139, 140, 141, 142, 143, 145, 146, 147, 150, 151, 154, 155, 157, 164, 167, 170, 171, 172, 173, 174, 175, 178, 179, 182, 183, 186, 190, 191, 194, 195, 196, 197, 199, 201, 202, 209, 212, 213, 215, 216, 217, 220, 222, 223, 224, 227, 229, 230, 231, 234, 235, 236, 238, 239, 241, 242, 244, 245, 249], "excluded_lines": [], "functions": {"get_kline_data_extended": {"executed_lines": [], "summary": {"covered_lines": 0, "num_statements": 26, "percent_covered": 0.0, "percent_covered_display": "0", "missing_lines": 26, "excluded_lines": 0, "percent_statements_covered": 0.0, "percent_statements_covered_display": "0"}, "missing_lines": [22, 25, 29, 32, 33, 34, 36, 37, 38, 41, 51, 52, 53, 54, 55, 58, 59, 60, 61, 62, 65, 66, 68, 70, 71, 72], "excluded_lines": [], "start_line": 18}, "save_extended_data": {"executed_lines": [], "summary": {"covered_lines": 0, "num_statements": 15, "percent_covered": 0.0, "percent_covered_display": "0", "missing_lines": 15, "excluded_lines": 0, "percent_statements_covered": 0.0, "percent_statements_covered_display": "0"}, "missing_lines": [80, 81, 84, 85, 86, 88, 89, 91, 92, 93, 96, 97, 99, 100, 102], "excluded_lines": [], "start_line": 75}, "aggregate_data_for_training": {"executed_lines": [], "summary": {"covered_lines": 0, "num_statements": 31, "percent_covered": 0.0, "percent_covered_display": "0", "missing_lines": 31, "excluded_lines": 0, "percent_statements_covered": 0.0, "percent_statements_covered_display": "0"}, "missing_lines": [109, 111, 114, 115, 116, 117, 120, 122, 124, 125, 126, 128, 129, 130, 133, 136, 137, 138, 139, 140, 141, 142, 143, 145, 146, 147, 150, 151, 154, 155, 157], "excluded_lines": [], "start_line": 105}, "prepare_features_from_raw_data": {"executed_lines": [], "summary": {"covered_lines": 0, "num_statements": 22, "percent_covered": 0.0, "percent_covered_display": "0", "missing_lines": 22, "excluded_lines": 0, "percent_statements_covered": 0.0, "percent_statements_covered_display": "0"}, "missing_lines": [164, 167, 170, 171, 172, 173, 174, 175, 178, 179, 182, 183, 186, 190, 191, 194, 195, 196, 197, 199, 201, 202], "excluded_lines": [], "start_line": 160}, "main": {"executed_lines": [], "summary": {"covered_lines": 0, "num_statements": 23, "percent_covered": 0.0, "percent_covered_display": "0", "missing_lines": 23, "excluded_lines": 0, "percent_statements_covered": 0.0, "percent_statements_covered_display": "0"}, "missing_lines": [209, 212, 213, 215, 216, 217, 220, 222, 223, 224, 227, 229, 230, 231, 234, 235, 236, 238, 239, 241, 242, 244, 245], "excluded_lines": [], "start_line": 205}, "": {"executed_lines": [1, 2, 3, 4, 5, 6, 7, 8, 9, 12, 13, 14, 15, 18, 75, 105, 160, 205, 248], "summary": {"covered_lines": 19, "num_statements": 20, "percent_covered": 95.0, "percent_covered_display": "95", "missing_lines": 1, "excluded_lines": 0, "percent_statements_covered": 95.0, "percent_statements_covered_display": "95"}, "missing_lines": [249], "excluded_lines": [], "start_line": 1}}, "classes": {"": {"executed_lines": [1, 2, 3, 4, 5, 6, 7, 8, 9, 12, 13, 14, 15, 18, 75, 105, 160, 205, 248], "summary": {"covered_lines": 19, "num_statements": 137, "percent_covered": 13.86861313868613, "percent_covered_display": "14", "missing_lines": 118, "excluded_lines": 0, "percent_statements_covered": 13.86861313868613, "percent_statements_covered_display": "14"}, "missing_lines": [22, 25, 29, 32, 33, 34, 36, 37, 38, 41, 51, 52, 53, 54, 55, 58, 59, 60, 61, 62, 65, 66, 68, 70, 71, 72, 80, 81, 84, 85, 86, 88, 89, 91, 92, 93, 96, 97, 99, 100, 102, 109, 111, 114, 115, 116, 117, 120, 122, 124, 125, 126, 128, 129, 130, 133, 136, 137, 138, 139, 140, 141, 142, 143, 145, 146, 147, 150, 151, 154, 155, 157, 164, 167, 170, 171, 172, 173, 174, 175, 178, 179, 182, 183, 186, 190, 191, 194, 195, 196, 197, 199, 201, 202, 209, 212, 213, 215, 216, 217, 220, 222, 223, 224, 227, 229, 230, 231, 234, 235, 236, 238, 239, 241, 242, 244, 245, 249], "excluded_lines": [], "start_line": 1}}}, "src/strategies/__init__.py": {"executed_lines": [7], "summary": {"covered_lines": 1, "num_statements": 1, "percent_covered": 100.0, "percent_covered_display": "100", "missing_lines": 0, "excluded_lines": 0, "percent_statements_covered": 100.0, "percent_statements_covered_display": "100"}, "missing_lines": [], "excluded_lines": [], "functions": {"": {"executed_lines": [7], "summary": {"covered_lines": 1, "num_statements": 1, "percent_covered": 100.0, "percent_covered_display": "100", "missing_lines": 0, "excluded_lines": 0, "percent_statements_covered": 100.0, "percent_statements_covered_display": "100"}, "missing_lines": [], "excluded_lines": [], "start_line": 1}}, "classes": {"": {"executed_lines": [7], "summary": {"covered_lines": 1, "num_statements": 1, "percent_covered": 100.0, "percent_covered_display": "100", "missing_lines": 0, "excluded_lines": 0, "percent_statements_covered": 100.0, "percent_statements_covered_display": "100"}, "missing_lines": [], "excluded_lines": [], "start_line": 1}}}, "src/strategies/data_driven_optimization.py": {"executed_lines": [1, 2, 3, 4, 5, 6, 7, 8, 9, 10, 12, 15, 16, 17, 19, 21, 24, 25, 27, 28, 29, 30, 32, 36, 39, 40, 41, 42, 43, 47, 50, 51, 53, 55, 56, 59, 62, 63, 66, 69, 76, 77, 78, 80, 86, 89, 100, 101, 102, 103, 104, 107, 108, 109, 112, 113, 115, 117, 120, 127, 132, 133, 134, 137, 141, 143, 145, 146, 159, 161, 164, 165, 169, 172, 173, 174, 175, 176, 179, 180, 181, 182, 186, 187, 188, 189, 192, 193, 194, 195, 197, 200, 207], "summary": {"covered_lines": 93, "num_statements": 115, "percent_covered": 80.8695652173913, "percent_covered_display": "81", "missing_lines": 22, "excluded_lines": 0, "percent_statements_covered": 80.8695652173913, "percent_statements_covered_display": "81"}, "missing_lines": [33, 44, 45, 48, 128, 129, 138, 139, 149, 150, 152, 153, 154, 155, 157, 166, 167, 183, 201, 202, 204, 208], "excluded_lines": [], "functions": {"DataDrivenOptimizer.__init__": {"executed_lines": [16, 17], "summary": {"covered_lines": 2, "num_statements": 2, "percent_covered": 100.0, "percent_covered_display": "100", "missing_lines": 0, "excluded_lines": 0, "percent_statements_covered": 100.0, "percent_statements_covered_display": "100"}, "missing_lines": [], "excluded_lines": [], "start_line": 15}, "DataDrivenOptimizer.load_recent_data": {"executed_lines": [21, 24, 25, 27, 28, 29, 30, 32, 36, 39, 40, 41, 42, 43, 47, 50, 51], "summary": {"covered_lines": 17, "num_statements": 21, "percent_covered": 80.95238095238095, "percent_covered_display": "81", "missing_lines": 4, "excluded_lines": 0, "percent_statements_covered": 80.95238095238095, "percent_statements_covered_display": "81"}, "missing_lines": [33, 44, 45, 48], "excluded_lines": [], "start_line": 19}, "DataDrivenOptimizer.analyze_market_regimes": {"executed_lines": [55, 56, 59, 62, 63, 66, 69, 76, 77, 78, 80], "summary": {"covered_lines": 11, "num_statements": 11, "percent_covered": 100.0, "percent_covered_display": "100", "missing_lines": 0, "excluded_lines": 0, "percent_statements_covered": 100.0, "percent_statements_covered_display": "100"}, "missing_lines": [], "excluded_lines": [], "start_line": 53}, "DataDrivenOptimizer.optimize_model_params": {"executed_lines": [89, 100, 101, 102, 103, 104, 107, 108, 109, 112, 113, 115], "summary": {"covered_lines": 12, "num_statements": 12, "percent_covered": 100.0, "percent_covered_display": "100", "missing_lines": 0, "excluded_lines": 0, "percent_statements_covered": 100.0, "percent_statements_covered_display": "100"}, "missing_lines": [], "excluded_lines": [], "start_line": 86}, "DataDrivenOptimizer.suggest_action_thresholds": {"executed_lines": [120, 127, 132, 133, 134, 137, 141], "summary": {"covered_lines": 7, "num_statements": 11, "percent_covered": 63.63636363636363, "percent_covered_display": "64", "missing_lines": 4, "excluded_lines": 0, "percent_statements_covered": 63.63636363636363, "percent_statements_covered_display": "64"}, "missing_lines": [128, 129, 138, 139], "excluded_lines": [], "start_line": 117}, "DataDrivenOptimizer.get_feature_importance": {"executed_lines": [145, 146], "summary": {"covered_lines": 2, "num_statements": 9, "percent_covered": 22.22222222222222, "percent_covered_display": "22", "missing_lines": 7, "excluded_lines": 0, "percent_statements_covered": 22.22222222222222, "percent_statements_covered_display": "22"}, "missing_lines": [149, 150, 152, 153, 154, 155, 157], "excluded_lines": [], "start_line": 143}, "DataDrivenOptimizer.run_analysis_and_optimization": {"executed_lines": [161, 164, 165, 169, 172, 173, 174, 175, 176, 179, 180, 181, 182, 186, 187, 188, 189, 192, 193, 194, 195, 197], "summary": {"covered_lines": 22, "num_statements": 25, "percent_covered": 88.0, "percent_covered_display": "88", "missing_lines": 3, "excluded_lines": 0, "percent_statements_covered": 88.0, "percent_statements_covered_display": "88"}, "missing_lines": [166, 167, 183], "excluded_lines": [], "start_line": 159}, "main": {"executed_lines": [], "summary": {"covered_lines": 0, "num_statements": 3, "percent_covered": 0.0, "percent_covered_display": "0", "missing_lines": 3, "excluded_lines": 0, "percent_statements_covered": 0.0, "percent_statements_covered_display": "0"}, "missing_lines": [201, 202, 204], "excluded_lines": [], "start_line": 200}, "": {"executed_lines": [1, 2, 3, 4, 5, 6, 7, 8, 9, 10, 12, 15, 19, 53, 86, 117, 143, 159, 200, 207], "summary": {"covered_lines": 20, "num_statements": 21, "percent_covered": 95.23809523809524, "percent_covered_display": "95", "missing_lines": 1, "excluded_lines": 0, "percent_statements_covered": 95.23809523809524, "percent_statements_covered_display": "95"}, "missing_lines": [208], "excluded_lines": [], "start_line": 1}}, "classes": {"DataDrivenOptimizer": {"executed_lines": [16, 17, 21, 24, 25, 27, 28, 29, 30, 32, 36, 39, 40, 41, 42, 43, 47, 50, 51, 55, 56, 59, 62, 63, 66, 69, 76, 77, 78, 80, 89, 100, 101, 102, 103, 104, 107, 108, 109, 112, 113, 115, 120, 127, 132, 133, 134, 137, 141, 145, 146, 161, 164, 165, 169, 172, 173, 174, 175, 176, 179, 180, 181, 182, 186, 187, 188, 189, 192, 193, 194, 195, 197], "summary": {"covered_lines": 73, "num_statements": 91, "percent_covered": 80.21978021978022, "percent_covered_display": "80", "missing_lines": 18, "excluded_lines": 0, "percent_statements_covered": 80.21978021978022, "percent_statements_covered_display": "80"}, "missing_lines": [33, 44, 45, 48, 128, 129, 138, 139, 149, 150, 152, 153, 154, 155, 157, 166, 167, 183], "excluded_lines": [], "start_line": 12}, "": {"executed_lines": [1, 2, 3, 4, 5, 6, 7, 8, 9, 10, 12, 15, 19, 53, 86, 117, 143, 159, 200, 207], "summary": {"covered_lines": 20, "num_statements": 24, "percent_covered": 83.33333333333333, "percent_covered_display": "83", "missing_lines": 4, "excluded_lines": 0, "percent_statements_covered": 83.33333333333333, "percent_statements_covered_display": "83"}, "missing_lines": [201, 202, 204, 208], "excluded_lines": [], "start_line": 1}}}, "src/strategies/enhanced_transformer_strategy.py": {"executed_lines": [1, 2, 3, 4, 5, 6, 7, 8, 9, 10, 11, 12, 13, 14, 16, 18, 53, 65, 101, 103, 155, 181, 204, 240, 258, 426, 447, 457, 470, 520], "summary": {"covered_lines": 30, "num_statements": 298, "percent_covered": 10.06711409395973, "percent_covered_display": "10", "missing_lines": 268, "excluded_lines": 0, "percent_statements_covered": 10.06711409395973, "percent_statements_covered_display": "10"}, "missing_lines": [19, 20, 21, 23, 26, 34, 37, 40, 51, 55, 56, 58, 60, 61, 63, 67, 70, 73, 74, 77, 78, 80, 83, 86, 93, 96, 97, 98, 105, 106, 107, 108, 110, 112, 115, 118, 119, 121, 124, 125, 128, 134, 135, 136, 137, 140, 141, 142, 143, 144, 145, 146, 147, 148, 149, 152, 153, 157, 158, 171, 172, 173, 174, 175, 176, 177, 179, 183, 184, 186, 187, 190, 191, 192, 193, 194, 195, 197, 198, 199, 200, 201, 202, 207, 210, 211, 213, 214, 216, 217, 218, 219, 221, 222, 225, 227, 228, 230, 232, 233, 235, 236, 237, 238, 242, 245, 246, 249, 250, 251, 252, 255, 256, 260, 262, 264, 266, 267, 272, 273, 275, 276, 277, 278, 281, 282, 284, 285, 288, 289, 291, 292, 296, 297, 300, 301, 302, 303, 304, 306, 308, 310, 312, 313, 316, 317, 318, 321, 322, 323, 324, 327, 328, 331, 334, 336, 337, 338, 339, 341, 342, 343, 344, 347, 348, 349, 350, 353, 354, 355, 356, 359, 360, 362, 364, 365, 366, 367, 369, 370, 371, 372, 373, 375, 376, 379, 380, 381, 383, 384, 386, 387, 390, 391, 392, 393, 394, 395, 396, 397, 398, 400, 401, 402, 404, 405, 407, 408, 409, 412, 415, 416, 417, 419, 421, 422, 423, 424, 428, 429, 431, 432, 433, 434, 435, 436, 439, 441, 442, 443, 444, 445, 449, 450, 455, 459, 460, 461, 462, 465, 466, 467, 471, 472, 474, 476, 478, 480, 481, 483, 484, 485, 486, 487, 488, 489, 491, 504, 505, 507, 509, 510, 511, 512, 513, 516, 517, 521], "excluded_lines": [], "functions": {"EnhancedTradingTransformer.__init__": {"executed_lines": [], "summary": {"covered_lines": 0, "num_statements": 9, "percent_covered": 0.0, "percent_covered_display": "0", "missing_lines": 9, "excluded_lines": 0, "percent_statements_covered": 0.0, "percent_statements_covered_display": "0"}, "missing_lines": [19, 20, 21, 23, 26, 34, 37, 40, 51], "excluded_lines": [], "start_line": 18}, "EnhancedTradingTransformer._create_positional_encoding": {"executed_lines": [], "summary": {"covered_lines": 0, "num_statements": 6, "percent_covered": 0.0, "percent_covered_display": "0", "missing_lines": 6, "excluded_lines": 0, "percent_statements_covered": 0.0, "percent_statements_covered_display": "0"}, "missing_lines": [55, 56, 58, 60, 61, 63], "excluded_lines": [], "start_line": 53}, "EnhancedTradingTransformer.forward": {"executed_lines": [], "summary": {"covered_lines": 0, "num_statements": 13, "percent_covered": 0.0, "percent_covered_display": "0", "missing_lines": 13, "excluded_lines": 0, "percent_statements_covered": 0.0, "percent_statements_covered_display": "0"}, "missing_lines": [67, 70, 73, 74, 77, 78, 80, 83, 86, 93, 96, 97, 98], "excluded_lines": [], "start_line": 65}, "EnhancedTransformerStrategy.__init__": {"executed_lines": [], "summary": {"covered_lines": 0, "num_statements": 29, "percent_covered": 0.0, "percent_covered_display": "0", "missing_lines": 29, "excluded_lines": 0, "percent_statements_covered": 0.0, "percent_statements_covered_display": "0"}, "missing_lines": [105, 106, 107, 108, 110, 112, 115, 118, 119, 121, 124, 125, 128, 134, 135, 136, 137, 140, 141, 142, 143, 144, 145, 146, 147, 148, 149, 152, 153], "excluded_lines": [], "start_line": 103}, "EnhancedTransformerStrategy.prepare_features": {"executed_lines": [], "summary": {"covered_lines": 0, "num_statements": 10, "percent_covered": 0.0, "percent_covered_display": "0", "missing_lines": 10, "excluded_lines": 0, "percent_statements_covered": 0.0, "percent_statements_covered_display": "0"}, "missing_lines": [157, 158, 171, 172, 173, 174, 175, 176, 177, 179], "excluded_lines": [], "start_line": 155}, "EnhancedTransformerStrategy.predict_action": {"executed_lines": [], "summary": {"covered_lines": 0, "num_statements": 16, "percent_covered": 0.0, "percent_covered_display": "0", "missing_lines": 16, "excluded_lines": 0, "percent_statements_covered": 0.0, "percent_statements_covered_display": "0"}, "missing_lines": [183, 184, 186, 187, 190, 191, 192, 193, 194, 195, 197, 198, 199, 200, 201, 202], "excluded_lines": [], "start_line": 181}, "EnhancedTransformerStrategy.load_training_data": {"executed_lines": [], "summary": {"covered_lines": 0, "num_statements": 21, "percent_covered": 0.0, "percent_covered_display": "0", "missing_lines": 21, "excluded_lines": 0, "percent_statements_covered": 0.0, "percent_statements_covered_display": "0"}, "missing_lines": [207, 210, 211, 213, 214, 216, 217, 218, 219, 221, 222, 225, 227, 228, 230, 232, 233, 235, 236, 237, 238], "excluded_lines": [], "start_line": 204}, "EnhancedTransformerStrategy.calculate_class_weights": {"executed_lines": [], "summary": {"covered_lines": 0, "num_statements": 9, "percent_covered": 0.0, "percent_covered_display": "0", "missing_lines": 9, "excluded_lines": 0, "percent_statements_covered": 0.0, "percent_statements_covered_display": "0"}, "missing_lines": [242, 245, 246, 249, 250, 251, 252, 255, 256], "excluded_lines": [], "start_line": 240}, "EnhancedTransformerStrategy.train_model": {"executed_lines": [], "summary": {"covered_lines": 0, "num_statements": 105, "percent_covered": 0.0, "percent_covered_display": "0", "missing_lines": 105, "excluded_lines": 0, "percent_statements_covered": 0.0, "percent_statements_covered_display": "0"}, "missing_lines": [260, 262, 264, 266, 267, 272, 273, 275, 276, 277, 278, 281, 282, 284, 285, 288, 289, 291, 292, 296, 297, 300, 301, 302, 303, 304, 306, 308, 310, 312, 313, 316, 317, 318, 321, 322, 323, 324, 327, 328, 331, 334, 336, 337, 338, 339, 341, 342, 343, 344, 347, 348, 349, 350, 353, 354, 355, 356, 359, 360, 362, 364, 365, 366, 367, 369, 370, 371, 372, 373, 375, 376, 379, 380, 381, 383, 384, 386, 387, 390, 391, 392, 393, 394, 395, 396, 397, 398, 400, 401, 402, 404, 405, 407, 408, 409, 412, 415, 416, 417, 419, 421, 422, 423, 424], "excluded_lines": [], "start_line": 258}, "EnhancedTransformerStrategy.train_continuously": {"executed_lines": [], "summary": {"covered_lines": 0, "num_statements": 14, "percent_covered": 0.0, "percent_covered_display": "0", "missing_lines": 14, "excluded_lines": 0, "percent_statements_covered": 0.0, "percent_statements_covered_display": "0"}, "missing_lines": [428, 429, 431, 432, 433, 434, 435, 436, 439, 441, 442, 443, 444, 445], "excluded_lines": [], "start_line": 426}, "EnhancedTransformerStrategy.save_model": {"executed_lines": [], "summary": {"covered_lines": 0, "num_statements": 3, "percent_covered": 0.0, "percent_covered_display": "0", "missing_lines": 3, "excluded_lines": 0, "percent_statements_covered": 0.0, "percent_statements_covered_display": "0"}, "missing_lines": [449, 450, 455], "excluded_lines": [], "start_line": 447}, "EnhancedTransformerStrategy.log_performance": {"executed_lines": [], "summary": {"covered_lines": 0, "num_statements": 7, "percent_covered": 0.0, "percent_covered_display": "0", "missing_lines": 7, "excluded_lines": 0, "percent_statements_covered": 0.0, "percent_statements_covered_display": "0"}, "missing_lines": [459, 460, 461, 462, 465, 466, 467], "excluded_lines": [], "start_line": 457}, "main": {"executed_lines": [], "summary": {"covered_lines": 0, "num_statements": 25, "percent_covered": 0.0, "percent_covered_display": "0", "missing_lines": 25, "excluded_lines": 0, "percent_statements_covered": 0.0, "percent_statements_covered_display": "0"}, "missing_lines": [471, 472, 474, 476, 478, 480, 481, 483, 484, 485, 486, 487, 488, 489, 491, 504, 505, 507, 509, 510, 511, 512, 513, 516, 517], "excluded_lines": [], "start_line": 470}, "": {"executed_lines": [1, 2, 3, 4, 5, 6, 7, 8, 9, 10, 11, 12, 13, 14, 16, 18, 53, 65, 101, 103, 155, 181, 204, 240, 258, 426, 447, 457, 470, 520], "summary": {"covered_lines": 30, "num_statements": 31, "percent_covered": 96.7741935483871, "percent_covered_display": "97", "missing_lines": 1, "excluded_lines": 0, "percent_statements_covered": 96.7741935483871, "percent_statements_covered_display": "97"}, "missing_lines": [521], "excluded_lines": [], "start_line": 1}}, "classes": {"EnhancedTradingTransformer": {"executed_lines": [], "summary": {"covered_lines": 0, "num_statements": 28, "percent_covered": 0.0, "percent_covered_display": "0", "missing_lines": 28, "excluded_lines": 0, "percent_statements_covered": 0.0, "percent_statements_covered_display": "0"}, "missing_lines": [19, 20, 21, 23, 26, 34, 37, 40, 51, 55, 56, 58, 60, 61, 63, 67, 70, 73, 74, 77, 78, 80, 83, 86, 93, 96, 97, 98], "excluded_lines": [], "start_line": 16}, "EnhancedTransformerStrategy": {"executed_lines": [], "summary": {"covered_lines": 0, "num_statements": 214, "percent_covered": 0.0, "percent_covered_display": "0", "missing_lines": 214, "excluded_lines": 0, "percent_statements_covered": 0.0, "percent_statements_covered_display": "0"}, "missing_lines": [105, 106, 107, 108, 110, 112, 115, 118, 119, 121, 124, 125, 128, 134, 135, 136, 137, 140, 141, 142, 143, 144, 145, 146, 147, 148, 149, 152, 153, 157, 158, 171, 172, 173, 174, 175, 176, 177, 179, 183, 184, 186, 187, 190, 191, 192, 193, 194, 195, 197, 198, 199, 200, 201, 202, 207, 210, 211, 213, 214, 216, 217, 218, 219, 221, 222, 225, 227, 228, 230, 232, 233, 235, 236, 237, 238, 242, 245, 246, 249, 250, 251, 252, 255, 256, 260, 262, 264, 266, 267, 272, 273, 275, 276, 277, 278, 281, 282, 284, 285, 288, 289, 291, 292, 296, 297, 300, 301, 302, 303, 304, 306, 308, 310, 312, 313, 316, 317, 318, 321, 322, 323, 324, 327, 328, 331, 334, 336, 337, 338, 339, 341, 342, 343, 344, 347, 348, 349, 350, 353, 354, 355, 356, 359, 360, 362, 364, 365, 366, 367, 369, 370, 371, 372, 373, 375, 376, 379, 380, 381, 383, 384, 386, 387, 390, 391, 392, 393, 394, 395, 396, 397, 398, 400, 401, 402, 404, 405, 407, 408, 409, 412, 415, 416, 417, 419, 421, 422, 423, 424, 428, 429, 431, 432, 433, 434, 435, 436, 439, 441, 442, 443, 444, 445, 449, 450, 455, 459, 460, 461, 462, 465, 466, 467], "excluded_lines": [], "start_line": 101}, "": {"executed_lines": [1, 2, 3, 4, 5, 6, 7, 8, 9, 10, 11, 12, 13, 14, 16, 18, 53, 65, 101, 103, 155, 181, 204, 240, 258, 426, 447, 457, 470, 520], "summary": {"covered_lines": 30, "num_statements": 56, "percent_covered": 53.57142857142857, "percent_covered_display": "54", "missing_lines": 26, "excluded_lines": 0, "percent_statements_covered": 53.57142857142857, "percent_statements_covered_display": "54"}, "missing_lines": [471, 472, 474, 476, 478, 480, 481, 483, 484, 485, 486, 487, 488, 489, 491, 504, 505, 507, 509, 510, 511, 512, 513, 516, 517, 521], "excluded_lines": [], "start_line": 1}}}, "src/strategies/huge_transformer_strategy.py": {"executed_lines": [1, 2, 3, 4, 5, 6, 7, 8, 9, 10, 11, 12, 13, 14, 17, 19, 56, 64, 88, 90, 154, 180, 205, 241, 259, 427, 448, 458, 508], "summary": {"covered_lines": 29, "num_statements": 283, "percent_covered": 10.247349823321555, "percent_covered_display": "10", "missing_lines": 254, "excluded_lines": 0, "percent_statements_covered": 10.247349823321555, "percent_statements_covered_display": "10"}, "missing_lines": [20, 21, 24, 27, 30, 38, 41, 51, 54, 58, 59, 60, 61, 62, 66, 69, 72, 73, 76, 79, 82, 83, 85, 92, 93, 94, 95, 96, 98, 100, 103, 112, 113, 114, 115, 118, 126, 134, 137, 138, 141, 142, 143, 144, 145, 146, 147, 148, 151, 152, 156, 157, 170, 171, 172, 173, 174, 175, 176, 178, 182, 183, 185, 186, 189, 190, 191, 192, 195, 196, 198, 199, 200, 201, 202, 203, 208, 211, 212, 214, 215, 217, 218, 219, 220, 222, 223, 226, 228, 229, 231, 233, 234, 236, 237, 238, 239, 243, 246, 247, 250, 251, 252, 253, 256, 257, 261, 263, 265, 267, 268, 273, 274, 276, 277, 278, 279, 282, 283, 285, 286, 289, 290, 292, 293, 297, 298, 301, 302, 303, 304, 305, 307, 309, 311, 313, 314, 317, 318, 319, 322, 323, 324, 325, 328, 329, 332, 335, 337, 338, 339, 340, 342, 343, 344, 345, 348, 349, 350, 351, 354, 355, 356, 357, 360, 361, 363, 365, 366, 367, 368, 370, 371, 372, 373, 374, 376, 377, 380, 381, 382, 384, 385, 387, 388, 391, 392, 393, 394, 395, 396, 397, 398, 399, 401, 402, 403, 405, 406, 408, 409, 410, 413, 416, 417, 418, 420, 422, 423, 424, 425, 429, 430, 432, 433, 434, 435, 436, 437, 440, 442, 443, 444, 445, 446, 450, 451, 455, 459, 460, 462, 464, 466, 468, 469, 471, 472, 473, 474, 475, 476, 477, 479, 492, 493, 495, 497, 498, 499, 500, 501, 504, 505, 509], "excluded_lines": [], "functions": {"HugeTransformer.__init__": {"executed_lines": [], "summary": {"covered_lines": 0, "num_statements": 9, "percent_covered": 0.0, "percent_covered_display": "0", "missing_lines": 9, "excluded_lines": 0, "percent_statements_covered": 0.0, "percent_statements_covered_display": "0"}, "missing_lines": [20, 21, 24, 27, 30, 38, 41, 51, 54], "excluded_lines": [], "start_line": 19}, "HugeTransformer._init_weights": {"executed_lines": [], "summary": {"covered_lines": 0, "num_statements": 5, "percent_covered": 0.0, "percent_covered_display": "0", "missing_lines": 5, "excluded_lines": 0, "percent_statements_covered": 0.0, "percent_statements_covered_display": "0"}, "missing_lines": [58, 59, 60, 61, 62], "excluded_lines": [], "start_line": 56}, "HugeTransformer.forward": {"executed_lines": [], "summary": {"covered_lines": 0, "num_statements": 9, "percent_covered": 0.0, "percent_covered_display": "0", "missing_lines": 9, "excluded_lines": 0, "percent_statements_covered": 0.0, "percent_statements_covered_display": "0"}, "missing_lines": [66, 69, 72, 73, 76, 79, 82, 83, 85], "excluded_lines": [], "start_line": 64}, "HugeTransformerStrategy.__init__": {"executed_lines": [], "summary": {"covered_lines": 0, "num_statements": 27, "percent_covered": 0.0, "percent_covered_display": "0", "missing_lines": 27, "excluded_lines": 0, "percent_statements_covered": 0.0, "percent_statements_covered_display": "0"}, "missing_lines": [92, 93, 94, 95, 96, 98, 100, 103, 112, 113, 114, 115, 118, 126, 134, 137, 138, 141, 142, 143, 144, 145, 146, 147, 148, 151, 152], "excluded_lines": [], "start_line": 90}, "HugeTransformerStrategy.prepare_features": {"executed_lines": [], "summary": {"covered_lines": 0, "num_statements": 10, "percent_covered": 0.0, "percent_covered_display": "0", "missing_lines": 10, "excluded_lines": 0, "percent_statements_covered": 0.0, "percent_statements_covered_display": "0"}, "missing_lines": [156, 157, 170, 171, 172, 173, 174, 175, 176, 178], "excluded_lines": [], "start_line": 154}, "HugeTransformerStrategy.predict_action": {"executed_lines": [], "summary": {"covered_lines": 0, "num_statements": 16, "percent_covered": 0.0, "percent_covered_display": "0", "missing_lines": 16, "excluded_lines": 0, "percent_statements_covered": 0.0, "percent_statements_covered_display": "0"}, "missing_lines": [182, 183, 185, 186, 189, 190, 191, 192, 195, 196, 198, 199, 200, 201, 202, 203], "excluded_lines": [], "start_line": 180}, "HugeTransformerStrategy.load_training_data": {"executed_lines": [], "summary": {"covered_lines": 0, "num_statements": 21, "percent_covered": 0.0, "percent_covered_display": "0", "missing_lines": 21, "excluded_lines": 0, "percent_statements_covered": 0.0, "percent_statements_covered_display": "0"}, "missing_lines": [208, 211, 212, 214, 215, 217, 218, 219, 220, 222, 223, 226, 228, 229, 231, 233, 234, 236, 237, 238, 239], "excluded_lines": [], "start_line": 205}, "HugeTransformerStrategy.calculate_class_weights": {"executed_lines": [], "summary": {"covered_lines": 0, "num_statements": 9, "percent_covered": 0.0, "percent_covered_display": "0", "missing_lines": 9, "excluded_lines": 0, "percent_statements_covered": 0.0, "percent_statements_covered_display": "0"}, "missing_lines": [243, 246, 247, 250, 251, 252, 253, 256, 257], "excluded_lines": [], "start_line": 241}, "HugeTransformerStrategy.train_model": {"executed_lines": [], "summary": {"covered_lines": 0, "num_statements": 105, "percent_covered": 0.0, "percent_covered_display": "0", "missing_lines": 105, "excluded_lines": 0, "percent_statements_covered": 0.0, "percent_statements_covered_display": "0"}, "missing_lines": [261, 263, 265, 267, 268, 273, 274, 276, 277, 278, 279, 282, 283, 285, 286, 289, 290, 292, 293, 297, 298, 301, 302, 303, 304, 305, 307, 309, 311, 313, 314, 317, 318, 319, 322, 323, 324, 325, 328, 329, 332, 335, 337, 338, 339, 340, 342, 343, 344, 345, 348, 349, 350, 351, 354, 355, 356, 357, 360, 361, 363, 365, 366, 367, 368, 370, 371, 372, 373, 374, 376, 377, 380, 381, 382, 384, 385, 387, 388, 391, 392, 393, 394, 395, 396, 397, 398, 399, 401, 402, 403, 405, 406, 408, 409, 410, 413, 416, 417, 418, 420, 422, 423, 424, 425], "excluded_lines": [], "start_line": 259}, "HugeTransformerStrategy.train_continuously": {"executed_lines": [], "summary": {"covered_lines": 0, "num_statements": 14, "percent_covered": 0.0, "percent_covered_display": "0", "missing_lines": 14, "excluded_lines": 0, "percent_statements_covered": 0.0, "percent_statements_covered_display": "0"}, "missing_lines": [429, 430, 432, 433, 434, 435, 436, 437, 440, 442, 443, 444, 445, 446], "excluded_lines": [], "start_line": 427}, "HugeTransformerStrategy.save_model": {"executed_lines": [], "summary": {"covered_lines": 0, "num_statements": 3, "percent_covered": 0.0, "percent_covered_display": "0", "missing_lines": 3, "excluded_lines": 0, "percent_statements_covered": 0.0, "percent_statements_covered_display": "0"}, "missing_lines": [450, 451, 455], "excluded_lines": [], "start_line": 448}, "main": {"executed_lines": [], "summary": {"covered_lines": 0, "num_statements": 25, "percent_covered": 0.0, "percent_covered_display": "0", "missing_lines": 25, "excluded_lines": 0, "percent_statements_covered": 0.0, "percent_statements_covered_display": "0"}, "missing_lines": [459, 460, 462, 464, 466, 468, 469, 471, 472, 473, 474, 475, 476, 477, 479, 492, 493, 495, 497, 498, 499, 500, 501, 504, 505], "excluded_lines": [], "start_line": 458}, "": {"executed_lines": [1, 2, 3, 4, 5, 6, 7, 8, 9, 10, 11, 12, 13, 14, 17, 19, 56, 64, 88, 90, 154, 180, 205, 241, 259, 427, 448, 458, 508], "summary": {"covered_lines": 29, "num_statements": 30, "percent_covered": 96.66666666666667, "percent_covered_display": "97", "missing_lines": 1, "excluded_lines": 0, "percent_statements_covered": 96.66666666666667, "percent_statements_covered_display": "97"}, "missing_lines": [509], "excluded_lines": [], "start_line": 1}}, "classes": {"HugeTransformer": {"executed_lines": [], "summary": {"covered_lines": 0, "num_statements": 23, "percent_covered": 0.0, "percent_covered_display": "0", "missing_lines": 23, "excluded_lines": 0, "percent_statements_covered": 0.0, "percent_statements_covered_display": "0"}, "missing_lines": [20, 21, 24, 27, 30, 38, 41, 51, 54, 58, 59, 60, 61, 62, 66, 69, 72, 73, 76, 79, 82, 83, 85], "excluded_lines": [], "start_line": 17}, "HugeTransformerStrategy": {"executed_lines": [], "summary": {"covered_lines": 0, "num_statements": 205, "percent_covered": 0.0, "percent_covered_display": "0", "missing_lines": 205, "excluded_lines": 0, "percent_statements_covered": 0.0, "percent_statements_covered_display": "0"}, "missing_lines": [92, 93, 94, 95, 96, 98, 100, 103, 112, 113, 114, 115, 118, 126, 134, 137, 138, 141, 142, 143, 144, 145, 146, 147, 148, 151, 152, 156, 157, 170, 171, 172, 173, 174, 175, 176, 178, 182, 183, 185, 186, 189, 190, 191, 192, 195, 196, 198, 199, 200, 201, 202, 203, 208, 211, 212, 214, 215, 217, 218, 219, 220, 222, 223, 226, 228, 229, 231, 233, 234, 236, 237, 238, 239, 243, 246, 247, 250, 251, 252, 253, 256, 257, 261, 263, 265, 267, 268, 273, 274, 276, 277, 278, 279, 282, 283, 285, 286, 289, 290, 292, 293, 297, 298, 301, 302, 303, 304, 305, 307, 309, 311, 313, 314, 317, 318, 319, 322, 323, 324, 325, 328, 329, 332, 335, 337, 338, 339, 340, 342, 343, 344, 345, 348, 349, 350, 351, 354, 355, 356, 357, 360, 361, 363, 365, 366, 367, 368, 370, 371, 372, 373, 374, 376, 377, 380, 381, 382, 384, 385, 387, 388, 391, 392, 393, 394, 395, 396, 397, 398, 399, 401, 402, 403, 405, 406, 408, 409, 410, 413, 416, 417, 418, 420, 422, 423, 424, 425, 429, 430, 432, 433, 434, 435, 436, 437, 440, 442, 443, 444, 445, 446, 450, 451, 455], "excluded_lines": [], "start_line": 88}, "": {"executed_lines": [1, 2, 3, 4, 5, 6, 7, 8, 9, 10, 11, 12, 13, 14, 17, 19, 56, 64, 88, 90, 154, 180, 205, 241, 259, 427, 448, 458, 508], "summary": {"covered_lines": 29, "num_statements": 55, "percent_covered": 52.72727272727273, "percent_covered_display": "53", "missing_lines": 26, "excluded_lines": 0, "percent_statements_covered": 52.72727272727273, "percent_statements_covered_display": "53"}, "missing_lines": [459, 460, 462, 464, 466, 468, 469, 471, 472, 473, 474, 475, 476, 477, 479, 492, 493, 495, 497, 498, 499, 500, 501, 504, 505, 509], "excluded_lines": [], "start_line": 1}}}, "src/strategies/large_model_strategy.py": {"executed_lines": [1, 2, 3, 4, 5, 6, 7, 8, 9, 10, 11, 12, 13, 14, 17, 19, 53, 61, 80, 82, 132, 150, 321, 347, 372, 408, 429, 439, 489], "summary": {"covered_lines": 29, "num_statements": 283, "percent_covered": 10.247349823321555, "percent_covered_display": "10", "missing_lines": 254, "excluded_lines": 0, "percent_statements_covered": 10.247349823321555, "percent_statements_covered_display": "10"}, "missing_lines": [20, 21, 22, 25, 34, 51, 55, 56, 57, 58, 59, 63, 64, 66, 67, 68, 70, 71, 74, 75, 77, 84, 85, 86, 87, 88, 90, 92, 95, 103, 104, 105, 106, 109, 110, 113, 114, 117, 118, 119, 120, 122, 123, 124, 125, 126, 129, 130, 134, 137, 138, 141, 142, 143, 144, 147, 148, 152, 154, 155, 158, 159, 161, 162, 163, 164, 167, 168, 170, 171, 174, 175, 177, 178, 182, 183, 186, 187, 188, 189, 190, 192, 194, 196, 198, 199, 202, 203, 204, 207, 208, 209, 210, 213, 214, 217, 220, 222, 223, 224, 225, 227, 228, 229, 230, 233, 234, 235, 236, 239, 240, 241, 242, 245, 246, 248, 250, 251, 252, 253, 255, 257, 258, 261, 263, 264, 265, 266, 267, 270, 271, 272, 274, 275, 277, 278, 281, 282, 283, 284, 285, 286, 288, 289, 292, 294, 295, 296, 298, 299, 300, 302, 303, 305, 306, 307, 310, 311, 312, 314, 316, 317, 318, 319, 323, 324, 337, 338, 339, 340, 341, 342, 343, 345, 349, 350, 352, 353, 356, 357, 358, 359, 362, 363, 365, 366, 367, 368, 369, 370, 375, 378, 379, 381, 382, 384, 385, 386, 387, 389, 390, 393, 395, 396, 398, 400, 401, 403, 404, 405, 406, 410, 411, 413, 414, 415, 416, 417, 418, 421, 423, 424, 425, 426, 427, 431, 432, 436, 440, 441, 443, 445, 447, 449, 450, 452, 453, 454, 455, 456, 457, 458, 460, 473, 474, 476, 478, 479, 480, 481, 482, 485, 486, 490], "excluded_lines": [], "functions": {"LargeTradingNetwork.__init__": {"executed_lines": [], "summary": {"covered_lines": 0, "num_statements": 6, "percent_covered": 0.0, "percent_covered_display": "0", "missing_lines": 6, "excluded_lines": 0, "percent_statements_covered": 0.0, "percent_statements_covered_display": "0"}, "missing_lines": [20, 21, 22, 25, 34, 51], "excluded_lines": [], "start_line": 19}, "LargeTradingNetwork._init_weights": {"executed_lines": [], "summary": {"covered_lines": 0, "num_statements": 5, "percent_covered": 0.0, "percent_covered_display": "0", "missing_lines": 5, "excluded_lines": 0, "percent_statements_covered": 0.0, "percent_statements_covered_display": "0"}, "missing_lines": [55, 56, 57, 58, 59], "excluded_lines": [], "start_line": 53}, "LargeTradingNetwork.forward": {"executed_lines": [], "summary": {"covered_lines": 0, "num_statements": 10, "percent_covered": 0.0, "percent_covered_display": "0", "missing_lines": 10, "excluded_lines": 0, "percent_statements_covered": 0.0, "percent_statements_covered_display": "0"}, "missing_lines": [63, 64, 66, 67, 68, 70, 71, 74, 75, 77], "excluded_lines": [], "start_line": 61}, "LargeModelStrategy.__init__": {"executed_lines": [], "summary": {"covered_lines": 0, "num_statements": 27, "percent_covered": 0.0, "percent_covered_display": "0", "missing_lines": 27, "excluded_lines": 0, "percent_statements_covered": 0.0, "percent_statements_covered_display": "0"}, "missing_lines": [84, 85, 86, 87, 88, 90, 92, 95, 103, 104, 105, 106, 109, 110, 113, 114, 117, 118, 119, 120, 122, 123, 124, 125, 126, 129, 130], "excluded_lines": [], "start_line": 82}, "LargeModelStrategy.calculate_class_weights": {"executed_lines": [], "summary": {"covered_lines": 0, "num_statements": 9, "percent_covered": 0.0, "percent_covered_display": "0", "missing_lines": 9, "excluded_lines": 0, "percent_statements_covered": 0.0, "percent_statements_covered_display": "0"}, "missing_lines": [134, 137, 138, 141, 142, 143, 144, 147, 148], "excluded_lines": [], "start_line": 132}, "LargeModelStrategy.train_model": {"executed_lines": [], "summary": {"covered_lines": 0, "num_statements": 107, "percent_covered": 0.0, "percent_covered_display": "0", "missing_lines": 107, "excluded_lines": 0, "percent_statements_covered": 0.0, "percent_statements_covered_display": "0"}, "missing_lines": [152, 154, 155, 158, 159, 161, 162, 163, 164, 167, 168, 170, 171, 174, 175, 177, 178, 182, 183, 186, 187, 188, 189, 190, 192, 194, 196, 198, 199, 202, 203, 204, 207, 208, 209, 210, 213, 214, 217, 220, 222, 223, 224, 225, 227, 228, 229, 230, 233, 234, 235, 236, 239, 240, 241, 242, 245, 246, 248, 250, 251, 252, 253, 255, 257, 258, 261, 263, 264, 265, 266, 267, 270, 271, 272, 274, 275, 277, 278, 281, 282, 283, 284, 285, 286, 288, 289, 292, 294, 295, 296, 298, 299, 300, 302, 303, 305, 306, 307, 310, 311, 312, 314, 316, 317, 318, 319], "excluded_lines": [], "start_line": 150}, "LargeModelStrategy.prepare_features": {"executed_lines": [], "summary": {"covered_lines": 0, "num_statements": 10, "percent_covered": 0.0, "percent_covered_display": "0", "missing_lines": 10, "excluded_lines": 0, "percent_statements_covered": 0.0, "percent_statements_covered_display": "0"}, "missing_lines": [323, 324, 337, 338, 339, 340, 341, 342, 343, 345], "excluded_lines": [], "start_line": 321}, "LargeModelStrategy.predict_action": {"executed_lines": [], "summary": {"covered_lines": 0, "num_statements": 16, "percent_covered": 0.0, "percent_covered_display": "0", "missing_lines": 16, "excluded_lines": 0, "percent_statements_covered": 0.0, "percent_statements_covered_display": "0"}, "missing_lines": [349, 350, 352, 353, 356, 357, 358, 359, 362, 363, 365, 366, 367, 368, 369, 370], "excluded_lines": [], "start_line": 347}, "LargeModelStrategy.load_training_data": {"executed_lines": [], "summary": {"covered_lines": 0, "num_statements": 21, "percent_covered": 0.0, "percent_covered_display": "0", "missing_lines": 21, "excluded_lines": 0, "percent_statements_covered": 0.0, "percent_statements_covered_display": "0"}, "missing_lines": [375, 378, 379, 381, 382, 384, 385, 386, 387, 389, 390, 393, 395, 396, 398, 400, 401, 403, 404, 405, 406], "excluded_lines": [], "start_line": 372}, "LargeModelStrategy.train_continuously": {"executed_lines": [], "summary": {"covered_lines": 0, "num_statements": 14, "percent_covered": 0.0, "percent_covered_display": "0", "missing_lines": 14, "excluded_lines": 0, "percent_statements_covered": 0.0, "percent_statements_covered_display": "0"}, "missing_lines": [410, 411, 413, 414, 415, 416, 417, 418, 421, 423, 424, 425, 426, 427], "excluded_lines": [], "start_line": 408}, "LargeModelStrategy.save_model": {"executed_lines": [], "summary": {"covered_lines": 0, "num_statements": 3, "percent_covered": 0.0, "percent_covered_display": "0", "missing_lines": 3, "excluded_lines": 0, "percent_statements_covered": 0.0, "percent_statements_covered_display": "0"}, "missing_lines": [431, 432, 436], "excluded_lines": [], "start_line": 429}, "main": {"executed_lines": [], "summary": {"covered_lines": 0, "num_statements": 25, "percent_covered": 0.0, "percent_covered_display": "0", "missing_lines": 25, "excluded_lines": 0, "percent_statements_covered": 0.0, "percent_statements_covered_display": "0"}, "missing_lines": [440, 441, 443, 445, 447, 449, 450, 452, 453, 454, 455, 456, 457, 458, 460, 473, 474, 476, 478, 479, 480, 481, 482, 485, 486], "excluded_lines": [], "start_line": 439}, "": {"executed_lines": [1, 2, 3, 4, 5, 6, 7, 8, 9, 10, 11, 12, 13, 14, 17, 19, 53, 61, 80, 82, 132, 150, 321, 347, 372, 408, 429, 439, 489], "summary": {"covered_lines": 29, "num_statements": 30, "percent_covered": 96.66666666666667, "percent_covered_display": "97", "missing_lines": 1, "excluded_lines": 0, "percent_statements_covered": 96.66666666666667, "percent_statements_covered_display": "97"}, "missing_lines": [490], "excluded_lines": [], "start_line": 1}}, "classes": {"LargeTradingNetwork": {"executed_lines": [], "summary": {"covered_lines": 0, "num_statements": 21, "percent_covered": 0.0, "percent_covered_display": "0", "missing_lines": 21, "excluded_lines": 0, "percent_statements_covered": 0.0, "percent_statements_covered_display": "0"}, "missing_lines": [20, 21, 22, 25, 34, 51, 55, 56, 57, 58, 59, 63, 64, 66, 67, 68, 70, 71, 74, 75, 77], "excluded_lines": [], "start_line": 17}, "LargeModelStrategy": {"executed_lines": [], "summary": {"covered_lines": 0, "num_statements": 207, "percent_covered": 0.0, "percent_covered_display": "0", "missing_lines": 207, "excluded_lines": 0, "percent_statements_covered": 0.0, "percent_statements_covered_display": "0"}, "missing_lines": [84, 85, 86, 87, 88, 90, 92, 95, 103, 104, 105, 106, 109, 110, 113, 114, 117, 118, 119, 120, 122, 123, 124, 125, 126, 129, 130, 134, 137, 138, 141, 142, 143, 144, 147, 148, 152, 154, 155, 158, 159, 161, 162, 163, 164, 167, 168, 170, 171, 174, 175, 177, 178, 182, 183, 186, 187, 188, 189, 190, 192, 194, 196, 198, 199, 202, 203, 204, 207, 208, 209, 210, 213, 214, 217, 220, 222, 223, 224, 225, 227, 228, 229, 230, 233, 234, 235, 236, 239, 240, 241, 242, 245, 246, 248, 250, 251, 252, 253, 255, 257, 258, 261, 263, 264, 265, 266, 267, 270, 271, 272, 274, 275, 277, 278, 281, 282, 283, 284, 285, 286, 288, 289, 292, 294, 295, 296, 298, 299, 300, 302, 303, 305, 306, 307, 310, 311, 312, 314, 316, 317, 318, 319, 323, 324, 337, 338, 339, 340, 341, 342, 343, 345, 349, 350, 352, 353, 356, 357, 358, 359, 362, 363, 365, 366, 367, 368, 369, 370, 375, 378, 379, 381, 382, 384, 385, 386, 387, 389, 390, 393, 395, 396, 398, 400, 401, 403, 404, 405, 406, 410, 411, 413, 414, 415, 416, 417, 418, 421, 423, 424, 425, 426, 427, 431, 432, 436], "excluded_lines": [], "start_line": 80}, "": {"executed_lines": [1, 2, 3, 4, 5, 6, 7, 8, 9, 10, 11, 12, 13, 14, 17, 19, 53, 61, 80, 82, 132, 150, 321, 347, 372, 408, 429, 439, 489], "summary": {"covered_lines": 29, "num_statements": 55, "percent_covered": 52.72727272727273, "percent_covered_display": "53", "missing_lines": 26, "excluded_lines": 0, "percent_statements_covered": 52.72727272727273, "percent_statements_covered_display": "53"}, "missing_lines": [440, 441, 443, 445, 447, 449, 450, 452, 453, 454, 455, 456, 457, 458, 460, 473, 474, 476, 478, 479, 480, 481, 482, 485, 486, 490], "excluded_lines": [], "start_line": 1}}}, "src/strategies/large_transformer_strategy.py": {"executed_lines": [1, 2, 3, 4, 5, 6, 7, 8, 9, 10, 11, 12, 13, 14, 16, 18, 47, 59, 88, 90, 138, 164, 187, 223, 241, 400, 421, 430, 443, 493], "summary": {"covered_lines": 30, "num_statements": 289, "percent_covered": 10.380622837370241, "percent_covered_display": "10", "missing_lines": 259, "excluded_lines": 0, "percent_statements_covered": 10.380622837370241, "percent_statements_covered_display": "10"}, "missing_lines": [19, 20, 21, 23, 26, 33, 36, 45, 49, 50, 52, 54, 55, 57, 61, 64, 67, 68, 71, 72, 74, 77, 80, 83, 84, 85, 92, 93, 94, 95, 97, 99, 102, 105, 106, 109, 110, 113, 119, 120, 121, 122, 125, 126, 127, 128, 129, 130, 131, 132, 135, 136, 140, 141, 154, 155, 156, 157, 158, 159, 160, 162, 166, 167, 169, 170, 173, 174, 175, 176, 177, 178, 180, 181, 182, 183, 184, 185, 190, 193, 194, 196, 197, 199, 200, 201, 202, 204, 205, 208, 210, 211, 213, 215, 216, 218, 219, 220, 221, 225, 228, 229, 232, 233, 234, 235, 238, 239, 243, 245, 246, 251, 252, 254, 255, 256, 257, 260, 261, 263, 264, 267, 268, 270, 271, 275, 276, 279, 280, 281, 282, 283, 285, 287, 289, 291, 292, 295, 296, 297, 300, 301, 302, 303, 306, 307, 310, 313, 315, 316, 317, 318, 320, 321, 322, 323, 326, 327, 328, 329, 332, 333, 334, 335, 338, 339, 341, 343, 344, 345, 346, 348, 349, 350, 351, 352, 353, 356, 357, 358, 360, 361, 363, 364, 367, 368, 369, 370, 371, 372, 373, 374, 375, 377, 378, 379, 381, 382, 384, 385, 386, 389, 390, 391, 393, 395, 396, 397, 398, 402, 403, 405, 406, 407, 408, 409, 410, 413, 415, 416, 417, 418, 419, 423, 424, 428, 432, 433, 434, 435, 438, 439, 440, 444, 445, 447, 449, 451, 453, 454, 456, 457, 458, 459, 460, 461, 462, 464, 477, 478, 480, 482, 483, 484, 485, 486, 489, 490, 494], "excluded_lines": [], "functions": {"LargeTradingTransformer.__init__": {"executed_lines": [], "summary": {"covered_lines": 0, "num_statements": 8, "percent_covered": 0.0, "percent_covered_display": "0", "missing_lines": 8, "excluded_lines": 0, "percent_statements_covered": 0.0, "percent_statements_covered_display": "0"}, "missing_lines": [19, 20, 21, 23, 26, 33, 36, 45], "excluded_lines": [], "start_line": 18}, "LargeTradingTransformer._create_positional_encoding": {"executed_lines": [], "summary": {"covered_lines": 0, "num_statements": 6, "percent_covered": 0.0, "percent_covered_display": "0", "missing_lines": 6, "excluded_lines": 0, "percent_statements_covered": 0.0, "percent_statements_covered_display": "0"}, "missing_lines": [49, 50, 52, 54, 55, 57], "excluded_lines": [], "start_line": 47}, "LargeTradingTransformer.forward": {"executed_lines": [], "summary": {"covered_lines": 0, "num_statements": 12, "percent_covered": 0.0, "percent_covered_display": "0", "missing_lines": 12, "excluded_lines": 0, "percent_statements_covered": 0.0, "percent_statements_covered_display": "0"}, "missing_lines": [61, 64, 67, 68, 71, 72, 74, 77, 80, 83, 84, 85], "excluded_lines": [], "start_line": 59}, "LargeTransformerStrategy.__init__": {"executed_lines": [], "summary": {"covered_lines": 0, "num_statements": 26, "percent_covered": 0.0, "percent_covered_display": "0", "missing_lines": 26, "excluded_lines": 0, "percent_statements_covered": 0.0, "percent_statements_covered_display": "0"}, "missing_lines": [92, 93, 94, 95, 97, 99, 102, 105, 106, 109, 110, 113, 119, 120, 121, 122, 125, 126, 127, 128, 129, 130, 131, 132, 135, 136], "excluded_lines": [], "start_line": 90}, "LargeTransformerStrategy.prepare_features": {"executed_lines": [], "summary": {"covered_lines": 0, "num_statements": 10, "percent_covered": 0.0, "percent_covered_display": "0", "missing_lines": 10, "excluded_lines": 0, "percent_statements_covered": 0.0, "percent_statements_covered_display": "0"}, "missing_lines": [140, 141, 154, 155, 156, 157, 158, 159, 160, 162], "excluded_lines": [], "start_line": 138}, "LargeTransformerStrategy.predict_action": {"executed_lines": [], "summary": {"covered_lines": 0, "num_statements": 16, "percent_covered": 0.0, "percent_covered_display": "0", "missing_lines": 16, "excluded_lines": 0, "percent_statements_covered": 0.0, "percent_statements_covered_display": "0"}, "missing_lines": [166, 167, 169, 170, 173, 174, 175, 176, 177, 178, 180, 181, 182, 183, 184, 185], "excluded_lines": [], "start_line": 164}, "LargeTransformerStrategy.load_training_data": {"executed_lines": [], "summary": {"covered_lines": 0, "num_statements": 21, "percent_covered": 0.0, "percent_covered_display": "0", "missing_lines": 21, "excluded_lines": 0, "percent_statements_covered": 0.0, "percent_statements_covered_display": "0"}, "missing_lines": [190, 193, 194, 196, 197, 199, 200, 201, 202, 204, 205, 208, 210, 211, 213, 215, 216, 218, 219, 220, 221], "excluded_lines": [], "start_line": 187}, "LargeTransformerStrategy.calculate_class_weights": {"executed_lin
[...]
missing_lines": 2, "excluded_lines": 0, "percent_statements_covered": 94.44444444444444, "percent_statements_covered_display": "94"}, "missing_lines": [1298, 1299], "excluded_lines": [], "start_line": 1268}, "place_take_profit_order": {"executed_lines": [1346, 1348, 1350, 1357, 1360, 1361, 1362, 1363, 1364, 1365, 1366, 1368, 1369, 1370, 1371, 1374, 1376, 1378, 1379, 1382, 1383, 1389, 1397], "summary": {"covered_lines": 23, "num_statements": 35, "percent_covered": 65.71428571428571, "percent_covered_display": "66", "missing_lines": 12, "excluded_lines": 0, "percent_statements_covered": 65.71428571428571, "percent_statements_covered_display": "66"}, "missing_lines": [1384, 1386, 1390, 1391, 1392, 1393, 1394, 1398, 1399, 1400, 1401, 1403], "excluded_lines": [], "start_line": 1342}, "place_take_profit_order._build_tp_order": {"executed_lines": [1354], "summary": {"covered_lines": 1, "num_statements": 1, "percent_covered": 100.0, "percent_covered_display": "100", "missing_lines": 0, "excluded_lines": 0, "percent_statements_covered": 100.0, "percent_statements_covered_display": "100"}, "missing_lines": [], "excluded_lines": [], "start_line": 1350}, "grid_trading_strategy": {"executed_lines": [1407, 1408, 1409, 1410, 1411, 1413, 1414, 1415, 1416, 1418, 1419, 1421, 1422, 1423, 1424, 1426, 1433, 1440, 1441, 1443, 1444, 1447, 1472, 1474, 1480, 1483, 1487, 1488, 1489, 1490, 1491, 1495, 1496], "summary": {"covered_lines": 33, "num_statements": 56, "percent_covered": 58.92857142857143, "percent_covered_display": "59", "missing_lines": 23, "excluded_lines": 0, "percent_statements_covered": 58.92857142857143, "percent_statements_covered_display": "59"}, "missing_lines": [1448, 1449, 1450, 1451, 1453, 1454, 1455, 1456, 1457, 1458, 1459, 1460, 1461, 1462, 1463, 1464, 1484, 1485, 1492, 1493, 1497, 1498, 1499], "excluded_lines": [], "start_line": 1405}, "grid_trading_strategy_pro1": {"executed_lines": [1512, 1513, 1516, 1517, 1518, 1522, 1523, 1527, 1528, 1530, 1531, 1532, 1533, 1535, 1542, 1545, 1546, 1549, 1552, 1553, 1554, 1556, 1557, 1586, 1587, 1588, 1589, 1591, 1594, 1598, 1599, 1600, 1601, 1602, 1603, 1604, 1605, 1606, 1607, 1608, 1609, 1610, 1611, 1612, 1613, 1614, 1617, 1618, 1619, 1626, 1629, 1630, 1632, 1635, 1636, 1637, 1639, 1693, 1694, 1695, 1696, 1704, 1730, 1731, 1734, 1737, 1738, 1739, 1742, 1743, 1745, 1779, 1780, 1781, 1782, 1784, 1785, 1786, 1790, 1791, 1823, 1827, 1828, 1829, 1830], "summary": {"covered_lines": 85, "num_statements": 147, "percent_covered": 57.82312925170068, "percent_covered_display": "58", "missing_lines": 62, "excluded_lines": 0, "percent_statements_covered": 57.82312925170068, "percent_statements_covered_display": "58"}, "missing_lines": [1519, 1520, 1524, 1525, 1558, 1559, 1561, 1564, 1565, 1566, 1567, 1569, 1570, 1571, 1574, 1575, 1578, 1579, 1580, 1581, 1582, 1584, 1585, 1620, 1621, 1622, 1623, 1640, 1641, 1642, 1643, 1645, 1646, 1647, 1648, 1649, 1650, 1651, 1652, 1656, 1685, 1686, 1687, 1688, 1689, 1690, 1698, 1699, 1700, 1701, 1740, 1741, 1747, 1774, 1775, 1776, 1787, 1788, 1793, 1820, 1821, 1824], "excluded_lines": [], "start_line": 1502}, "boll1m_grid_strategy": {"executed_lines": [1855, 1858, 1859, 1860, 1861, 1863, 1864, 1868, 1869, 1870, 1871, 1874, 1877, 1878, 1879, 1883, 1887, 1888, 1889, 1891, 1894, 1895, 1896, 1898, 1900, 1902, 1909, 1922, 1923, 1924, 1925, 1929, 1930, 1933, 1934, 1935, 1936], "summary": {"covered_lines": 37, "num_statements": 57, "percent_covered": 64.91228070175438, "percent_covered_display": "65", "missing_lines": 20, "excluded_lines": 0, "percent_statements_covered": 64.91228070175438, "percent_statements_covered_display": "65"}, "missing_lines": [1865, 1866, 1880, 1881, 1884, 1885, 1899, 1903, 1906, 1907, 1910, 1911, 1912, 1913, 1914, 1915, 1916, 1917, 1918, 1920], "excluded_lines": [], "start_line": 1833}, "backtest_grid_trading_strategy_pro1": {"executed_lines": [1952, 1953, 1954, 1955, 1956, 1957, 1959, 1960, 1961, 1962, 1964, 1965, 1967, 1968, 1969, 1971, 1972, 1976, 1977, 1979, 1980, 1981, 1982, 1984, 1991, 1994, 1995, 1998, 1999, 2000, 2001, 2002, 2005, 2006, 2007, 2008, 2009, 2010, 2011, 2014, 2015, 2017, 2018, 2019, 2020, 2021, 2030, 2032, 2036, 2037, 2038, 2039, 2040, 2041, 2042, 2043, 2044, 2045, 2046, 2047, 2048, 2049, 2050, 2051, 2052, 2053, 2058, 2059, 2060, 2061, 2064, 2065, 2067, 2068, 2069, 2070, 2075, 2076, 2077, 2078, 2079, 2080, 2083, 2084, 2085, 2086, 2087, 2088, 2090, 2091, 2092, 2093, 2094, 2095, 2096, 2098, 2099, 2102, 2104, 2105, 2106, 2107, 2109, 2120, 2121, 2122, 2123, 2124, 2125], "summary": {"covered_lines": 109, "num_statements": 124, "percent_covered": 87.90322580645162, "percent_covered_display": "88", "missing_lines": 15, "excluded_lines": 0, "percent_statements_covered": 87.90322580645162, "percent_statements_covered_display": "88"}, "missing_lines": [1973, 1974, 2023, 2024, 2025, 2026, 2027, 2028, 2054, 2055, 2056, 2071, 2072, 2081, 2082], "excluded_lines": [], "start_line": 1939}, "test_order_tracking": {"executed_lines": [], "summary": {"covered_lines": 0, "num_statements": 25, "percent_covered": 0.0, "percent_covered_display": "0", "missing_lines": 25, "excluded_lines": 0, "percent_statements_covered": 0.0, "percent_statements_covered_display": "0"}, "missing_lines": [2133, 2136, 2137, 2138, 2141, 2142, 2143, 2144, 2146, 2149, 2150, 2151, 2154, 2155, 2157, 2160, 2161, 2164, 2166, 2169, 2170, 2172, 2175, 2176, 2177], "excluded_lines": [], "start_line": 2129}, "test_position_management": {"executed_lines": [], "summary": {"covered_lines": 0, "num_statements": 12, "percent_covered": 0.0, "percent_covered_display": "0", "missing_lines": 12, "excluded_lines": 0, "percent_statements_covered": 0.0, "percent_statements_covered_display": "0"}, "missing_lines": [2184, 2187, 2188, 2189, 2192, 2193, 2194, 2197, 2198, 2201, 2204, 2206], "excluded_lines": [], "start_line": 2180}, "test_risk_control": {"executed_lines": [], "summary": {"covered_lines": 0, "num_statements": 11, "percent_covered": 0.0, "percent_covered_display": "0", "missing_lines": 11, "excluded_lines": 0, "percent_statements_covered": 0.0, "percent_statements_covered_display": "0"}, "missing_lines": [2213, 2216, 2220, 2221, 2224, 2225, 2226, 2229, 2230, 2233, 2235], "excluded_lines": [], "start_line": 2209}, "run_tests": {"executed_lines": [], "summary": {"covered_lines": 0, "num_statements": 10, "percent_covered": 0.0, "percent_covered_display": "0", "missing_lines": 10, "excluded_lines": 0, "percent_statements_covered": 0.0, "percent_statements_covered_display": "0"}, "missing_lines": [2240, 2242, 2243, 2244, 2246, 2250, 2251, 2252, 2253, 2254], "excluded_lines": [], "start_line": 2238}, "compute_stop_loss": {"executed_lines": [2762, 2765, 2768, 2771, 2774, 2777, 2780], "summary": {"covered_lines": 7, "num_statements": 7, "percent_covered": 100.0, "percent_covered_display": "100", "missing_lines": 0, "excluded_lines": 0, "percent_statements_covered": 100.0, "percent_statements_covered_display": "100"}, "missing_lines": [], "excluded_lines": [], "start_line": 2750}, "check_risk_control": {"executed_lines": [2792, 2793, 2794, 2795, 2800, 2801, 2802, 2803, 2805, 2806, 2807, 2808, 2812, 2813, 2816, 2817, 2820, 2821, 2824, 2825, 2826, 2828, 2829, 2834], "summary": {"covered_lines": 24, "num_statements": 32, "percent_covered": 75.0, "percent_covered_display": "75", "missing_lines": 8, "excluded_lines": 0, "percent_statements_covered": 75.0, "percent_statements_covered_display": "75"}, "missing_lines": [2796, 2797, 2804, 2809, 2810, 2827, 2830, 2832], "excluded_lines": [], "start_line": 2783}, "": {"executed_lines": [2, 3, 4, 5, 6, 7, 8, 9, 10, 11, 12, 13, 14, 15, 16, 17, 18, 19, 20, 23, 24, 25, 26, 29, 30, 43, 44, 45, 46, 47, 48, 49, 50, 71, 72, 81, 82, 83, 84, 85, 86, 88, 89, 90, 94, 97, 122, 138, 141, 142, 143, 144, 147, 148, 151, 209, 211, 212, 213, 216, 217, 218, 219, 220, 223, 224, 225, 226, 240, 241, 242, 243, 248, 249, 250, 253, 270, 271, 272, 275, 276, 277, 278, 279, 280, 283, 284, 285, 286, 287, 288, 291, 294, 295, 296, 297, 300, 301, 304, 305, 308, 309, 310, 311, 312, 313, 314, 317, 318, 322, 323, 324, 327, 328, 331, 332, 335, 339, 426, 462, 505, 571, 630, 665, 1060, 1204, 1268, 1342, 1405, 1502, 1833, 1939, 2129, 2180, 2209, 2238, 2258, 2750, 2783, 2837, 2838, 2839, 2842, 2843, 2844, 2845, 2846, 2847, 2848], "summary": {"covered_lines": 149, "num_statements": 485, "percent_covered": 30.721649484536083, "percent_covered_display": "31", "missing_lines": 336, "excluded_lines": 0, "percent_statements_covered": 30.721649484536083, "percent_statements_covered_display": "31"}, "missing_lines": [31, 32, 34, 35, 37, 38, 39, 40, 51, 52, 53, 54, 55, 56, 57, 58, 59, 60, 62, 63, 64, 65, 66, 67, 68, 69, 73, 74, 75, 76, 77, 78, 221, 222, 227, 228, 230, 232, 244, 247, 2260, 2261, 2262, 2265, 2266, 2269, 2270, 2273, 2274, 2276, 2278, 2279, 2281, 2284, 2287, 2288, 2290, 2291, 2292, 2293, 2294, 2295, 2296, 2297, 2298, 2299, 2301, 2303, 2304, 2306, 2307, 2309, 2310, 2311, 2312, 2315, 2316, 2317, 2318, 2319, 2322, 2323, 2324, 2325, 2328, 2329, 2332, 2333, 2336, 2350, 2351, 2353, 2354, 2355, 2358, 2359, 2360, 2361, 2362, 2364, 2366, 2367, 2368, 2369, 2370, 2371, 2372, 2373, 2374, 2375, 2377, 2380, 2382, 2383, 2385, 2386, 2388, 2389, 2390, 2391, 2394, 2395, 2396, 2397, 2398, 2401, 2402, 2403, 2404, 2407, 2408, 2411, 2412, 2415, 2429, 2430, 2432, 2433, 2434, 2437, 2438, 2439, 2440, 2441, 2442, 2445, 2448, 2449, 2450, 2451, 2452, 2454, 2456, 2457, 2458, 2459, 2460, 2461, 2462, 2463, 2464, 2465, 2467, 2469, 2470, 2472, 2473, 2475, 2476, 2477, 2478, 2481, 2482, 2483, 2484, 2485, 2488, 2489, 2490, 2491, 2494, 2495, 2498, 2499, 2502, 2516, 2517, 2519, 2520, 2521, 2524, 2525, 2526, 2527, 2528, 2530, 2532, 2533, 2534, 2535, 2536, 2537, 2538, 2539, 2540, 2541, 2543, 2545, 2546, 2548, 2549, 2551, 2552, 2553, 2554, 2557, 2558, 2559, 2560, 2561, 2564, 2565, 2566, 2567, 2570, 2571, 2574, 2575, 2578, 2592, 2593, 2595, 2596, 2597, 2600, 2601, 2602, 2603, 2604, 2606, 2608, 2609, 2610, 2611, 2612, 2613, 2614, 2615, 2616, 2617, 2619, 2621, 2622, 2624, 2625, 2627, 2628, 2629, 2630, 2633, 2634, 2635, 2636, 2637, 2640, 2641, 2642, 2643, 2646, 2647, 2650, 2651, 2654, 2668, 2669, 2671, 2672, 2673, 2676, 2677, 2678, 2679, 2680, 2682, 2684, 2685, 2686, 2687, 2688, 2689, 2690, 2691, 2692, 2693, 2694, 2695, 2696, 2697, 2698, 2699, 2700, 2701, 2702, 2703, 2704, 2705, 2706, 2707, 2708, 2709, 2710, 2711, 2712, 2713, 2714, 2715, 2717, 2718, 2719, 2721, 2724, 2725, 2728, 2729, 2732, 2733, 2736, 2737, 2739, 2741, 2742, 2743, 2744, 2745, 2746, 2748], "excluded_lines": [], "start_line": 1}}, "classes": {"DataCollector": {"executed_lines": [98, 99, 101, 102, 105, 107, 117, 118, 119, 120, 125, 126, 130, 131, 132, 134], "summary": {"covered_lines": 16, "num_statements": 16, "percent_covered": 100.0, "percent_covered_display": "100", "missing_lines": 0, "excluded_lines": 0, "percent_statements_covered": 100.0, "percent_statements_covered_display": "100"}, "missing_lines": [], "excluded_lines": [], "start_line": 94}, "": {"executed_lines": [2, 3, 4, 5, 6, 7, 8, 9, 10, 11, 12, 13, 14, 15, 16, 17, 18, 19, 20, 23, 24, 25, 26, 29, 30, 43, 44, 45, 46, 47, 48, 49, 50, 71, 72, 81, 82, 83, 84, 85, 86, 88, 89, 90, 94, 97, 122, 138, 141, 142, 143, 144, 147, 148, 151, 209, 211, 212, 213, 216, 217, 218, 219, 220, 223, 224, 225, 226, 240, 241, 242, 243, 248, 249, 250, 253, 270, 271, 272, 275, 276, 277, 278, 279, 280, 283, 284, 285, 286, 287, 288, 291, 294, 295, 296, 297, 300, 301, 304, 305, 308, 309, 310, 311, 312, 313, 314, 317, 318, 322, 323, 324, 327, 328, 331, 332, 335, 337, 339, 347, 353, 354, 355, 356, 357, 358, 359, 362, 363, 364, 365, 366, 367, 368, 370, 373, 374, 375, 376, 377, 378, 379, 382, 383, 384, 385, 386, 387, 388, 390, 393, 394, 395, 396, 397, 398, 399, 401, 402, 403, 405, 408, 409, 410, 413, 414, 415, 416, 417, 418, 419, 421, 423, 426, 433, 435, 436, 437, 439, 440, 442, 445, 446, 447, 448, 451, 452, 453, 454, 456, 459, 462, 471, 473, 474, 477, 480, 484, 490, 491, 494, 495, 498, 500, 502, 505, 507, 509, 510, 511, 514, 517, 519, 521, 525, 528, 561, 563, 564, 565, 571, 573, 575, 576, 577, 585, 630, 641, 642, 644, 645, 646, 648, 649, 650, 651, 652, 653, 654, 655, 656, 665, 690, 696, 697, 698, 700, 702, 704, 713, 714, 715, 716, 720, 731, 732, 734, 735, 737, 739, 740, 745, 746, 748, 750, 752, 754, 757, 758, 762, 764, 766, 767, 768, 769, 772, 774, 775, 777, 785, 787, 788, 790, 791, 792, 793, 794, 795, 798, 800, 801, 803, 805, 806, 808, 809, 810, 811, 814, 815, 823, 824, 829, 830, 833, 834, 835, 837, 838, 845, 846, 864, 865, 878, 881, 882, 883, 884, 885, 886, 889, 892, 893, 900, 901, 905, 938, 940, 942, 943, 944, 1038, 1040, 1041, 1044, 1045, 1046, 1048, 1049, 1050, 1052, 1060, 1064, 1065, 1068, 1071, 1072, 1073, 1076, 1078, 1081, 1097, 1131, 1151, 1152, 1156, 1157, 1201, 1204, 1208, 1210, 1211, 1213, 1215, 1216, 1217, 1218, 1221, 1222, 1225, 1226, 1228, 1231, 1242, 1243, 1244, 1246, 1247, 1248, 1253, 1256, 1257, 1258, 1259, 1260, 1261, 1263, 1265, 1268, 1272, 1274, 1275, 1277, 1279, 1280, 1281, 1282, 1283, 1286, 1289, 1292, 1293, 1294, 1295, 1297, 1301, 1303, 1304, 1316, 1317, 1318, 1320, 1321, 1322, 1327, 1330, 1331, 1332, 1333, 1334, 1335, 1337, 1339, 1342, 1346, 1348, 1350, 1354, 1357, 1360, 1361, 1362, 1363, 1364, 1365, 1366, 1368, 1369, 1370, 1371, 1374, 1376, 1378, 1379, 1382, 1383, 1389, 1397, 1405, 1407, 1408, 1409, 1410, 1411, 1413, 1414, 1415, 1416, 1418, 1419, 1421, 1422, 1423, 1424, 1426, 1433, 1440, 1441, 1443, 1444, 1447, 1472, 1474, 1480, 1483, 1487, 1488, 1489, 1490, 1491, 1495, 1496, 1502, 1512, 1513, 1516, 1517, 1518, 1522, 1523, 1527, 1528, 1530, 1531, 1532, 1533, 1535, 1542, 1545, 1546, 1549, 1552, 1553, 1554, 1556, 1557, 1586, 1587, 1588, 1589, 1591, 1594, 1598, 1599, 1600, 1601, 1602, 1603, 1604, 1605, 1606, 1607, 1608, 1609, 1610, 1611, 1612, 1613, 1614, 1617, 1618, 1619, 1626, 1629, 1630, 1632, 1635, 1636, 1637, 1639, 1693, 1694, 1695, 1696, 1704, 1730, 1731, 1734, 1737, 1738, 1739, 1742, 1743, 1745, 1779, 1780, 1781, 1782, 1784, 1785, 1786, 1790, 1791, 1823, 1827, 1828, 1829, 1830, 1833, 1855, 1858, 1859, 1860, 1861, 1863, 1864, 1868, 1869, 1870, 1871, 1874, 1877, 1878, 1879, 1883, 1887, 1888, 1889, 1891, 1894, 1895, 1896, 1898, 1900, 1902, 1909, 1922, 1923, 1924, 1925, 1929, 1930, 1933, 1934, 1935, 1936, 1939, 1952, 1953, 1954, 1955, 1956, 1957, 1959, 1960, 1961, 1962, 1964, 1965, 1967, 1968, 1969, 1971, 1972, 1976, 1977, 1979, 1980, 1981, 1982, 1984, 1991, 1994, 1995, 1998, 1999, 2000, 2001, 2002, 2005, 2006, 2007, 2008, 2009, 2010, 2011, 2014, 2015, 2017, 2018, 2019, 2020, 2021, 2030, 2032, 2036, 2037, 2038, 2039, 2040, 2041, 2042, 2043, 2044, 2045, 2046, 2047, 2048, 2049, 2050, 2051, 2052, 2053, 2058, 2059, 2060, 2061, 2064, 2065, 2067, 2068, 2069, 2070, 2075, 2076, 2077, 2078, 2079, 2080, 2083, 2084, 2085, 2086, 2087, 2088, 2090, 2091, 2092, 2093, 2094, 2095, 2096, 2098, 2099, 2102, 2104, 2105, 2106, 2107, 2109, 2120, 2121, 2122, 2123, 2124, 2125, 2129, 2180, 2209, 2238, 2258, 2750, 2762, 2765, 2768, 2771, 2774, 2777, 2780, 2783, 2792, 2793, 2794, 2795, 2800, 2801, 2802, 2803, 2805, 2806, 2807, 2808, 2812, 2813, 2816, 2817, 2820, 2821, 2824, 2825, 2826, 2828, 2829, 2834, 2837, 2838, 2839, 2842, 2843, 2844, 2845, 2846, 2847, 2848], "summary": {"covered_lines": 764, "num_statements": 1489, "percent_covered": 51.30960376091336, "percent_covered_display": "51", "missing_lines": 725, "excluded_lines": 0, "percent_statements_covered": 51.30960376091336, "percent_statements_covered_display": "51"}, "missing_lines": [31, 32, 34, 35, 37, 38, 39, 40, 51, 52, 53, 54, 55, 56, 57, 58, 59, 60, 62, 63, 64, 65, 66, 67, 68, 69, 73, 74, 75, 76, 77, 78, 221, 222, 227, 228, 230, 232, 244, 247, 482, 483, 486, 487, 522, 529, 530, 531, 533, 534, 536, 537, 539, 540, 542, 544, 547, 555, 560, 618, 619, 621, 657, 658, 722, 738, 742, 747, 749, 753, 755, 796, 825, 827, 839, 841, 842, 847, 850, 851, 852, 853, 854, 855, 858, 859, 861, 862, 867, 869, 887, 888, 902, 903, 906, 907, 908, 909, 910, 911, 912, 913, 914, 916, 918, 919, 920, 921, 923, 924, 925, 926, 927, 928, 929, 930, 931, 932, 933, 934, 935, 936, 945, 946, 947, 948, 952, 953, 954, 955, 956, 959, 960, 962, 963, 964, 966, 968, 977, 978, 979, 981, 982, 983, 986, 987, 988, 989, 990, 991, 993, 994, 995, 996, 997, 998, 999, 1000, 1001, 1002, 1004, 1006, 1007, 1008, 1009, 1011, 1012, 1013, 1014, 1015, 1016, 1017, 1018, 1019, 1020, 1021, 1022, 1023, 1024, 1026, 1028, 1030, 1031, 1032, 1033, 1034, 1035, 1036, 1042, 1082, 1083, 1086, 1087, 1088, 1098, 1099, 1103, 1105, 1108, 1116, 1117, 1118, 1121, 1122, 1124, 1126, 1127, 1128, 1132, 1135, 1136, 1137, 1147, 1148, 1149, 1153, 1159, 1160, 1162, 1164, 1165, 1175, 1178, 1179, 1180, 1191, 1192, 1194, 1199, 1298, 1299, 1384, 1386, 1390, 1391, 1392, 1393, 1394, 1398, 1399, 1400, 1401, 1403, 1448, 1449, 1450, 1451, 1453, 1454, 1455, 1456, 1457, 1458, 1459, 1460, 1461, 1462, 1463, 1464, 1484, 1485, 1492, 1493, 1497, 1498, 1499, 1519, 1520, 1524, 1525, 1558, 1559, 1561, 1564, 1565, 1566, 1567, 1569, 1570, 1571, 1574, 1575, 1578, 1579, 1580, 1581, 1582, 1584, 1585, 1620, 1621, 1622, 1623, 1640, 1641, 1642, 1643, 1645, 1646, 1647, 1648, 1649, 1650, 1651, 1652, 1656, 1685, 1686, 1687, 1688, 1689, 1690, 1698, 1699, 1700, 1701, 1740, 1741, 1747, 1774, 1775, 1776, 1787, 1788, 1793, 1820, 1821, 1824, 1865, 1866, 1880, 1881, 1884, 1885, 1899, 1903, 1906, 1907, 1910, 1911, 1912, 1913, 1914, 1915, 1916, 1917, 1918, 1920, 1973, 1974, 2023, 2024, 2025, 2026, 2027, 2028, 2054, 2055, 2056, 2071, 2072, 2081, 2082, 2133, 2136, 2137, 2138, 2141, 2142, 2143, 2144, 2146, 2149, 2150, 2151, 2154, 2155, 2157, 2160, 2161, 2164, 2166, 2169, 2170, 2172, 2175, 2176, 2177, 2184, 2187, 2188, 2189, 2192, 2193, 2194, 2197, 2198, 2201, 2204, 2206, 2213, 2216, 2220, 2221, 2224, 2225, 2226, 2229, 2230, 2233, 2235, 2240, 2242, 2243, 2244, 2246, 2250, 2251, 2252, 2253, 2254, 2260, 2261, 2262, 2265, 2266, 2269, 2270, 2273, 2274, 2276, 2278, 2279, 2281, 2284, 2287, 2288, 2290, 2291, 2292, 2293, 2294, 2295, 2296, 2297, 2298, 2299, 2301, 2303, 2304, 2306, 2307, 2309, 2310, 2311, 2312, 2315, 2316, 2317, 2318, 2319, 2322, 2323, 2324, 2325, 2328, 2329, 2332, 2333, 2336, 2350, 2351, 2353, 2354, 2355, 2358, 2359, 2360, 2361, 2362, 2364, 2366, 2367, 2368, 2369, 2370, 2371, 2372, 2373, 2374, 2375, 2377, 2380, 2382, 2383, 2385, 2386, 2388, 2389, 2390, 2391, 2394, 2395, 2396, 2397, 2398, 2401, 2402, 2403, 2404, 2407, 2408, 2411, 2412, 2415, 2429, 2430, 2432, 2433, 2434, 2437, 2438, 2439, 2440, 2441, 2442, 2445, 2448, 2449, 2450, 2451, 2452, 2454, 2456, 2457, 2458, 2459, 2460, 2461, 2462, 2463, 2464, 2465, 2467, 2469, 2470, 2472, 2473, 2475, 2476, 2477, 2478, 2481, 2482, 2483, 2484, 2485, 2488, 2489, 2490, 2491, 2494, 2495, 2498, 2499, 2502, 2516, 2517, 2519, 2520, 2521, 2524, 2525, 2526, 2527, 2528, 2530, 2532, 2533, 2534, 2535, 2536, 2537, 2538, 2539, 2540, 2541, 2543, 2545, 2546, 2548, 2549, 2551, 2552, 2553, 2554, 2557, 2558, 2559, 2560, 2561, 2564, 2565, 2566, 2567, 2570, 2571, 2574, 2575, 2578, 2592, 2593, 2595, 2596, 2597, 2600, 2601, 2602, 2603, 2604, 2606, 2608, 2609, 2610, 2611, 2612, 2613, 2614, 2615, 2616, 2617, 2619, 2621, 2622, 2624, 2625, 2627, 2628, 2629, 2630, 2633, 2634, 2635, 2636, 2637, 2640, 2641, 2642, 2643, 2646, 2647, 2650, 2651, 2654, 2668, 2669, 2671, 2672, 2673, 2676, 2677, 2678, 2679, 2680, 2682, 2684, 2685, 2686, 2687, 2688, 2689, 2690, 2691, 2692, 2693, 2694, 2695, 2696, 2697, 2698, 2699, 2700, 2701, 2702, 2703, 2704, 2705, 2706, 2707, 2708, 2709, 2710, 2711, 2712, 2713, 2714, 2715, 2717, 2718, 2719, 2721, 2724, 2725, 2728, 2729, 2732, 2733, 2736, 2737, 2739, 2741, 2742, 2743, 2744, 2745, 2746, 2748, 2796, 2797, 2804, 2809, 2810, 2827, 2830, 2832], "excluded_lines": [], "start_line": 1}}}}, "totals": {"covered_lines": 1383, "num_statements": 4192, "percent_covered": 32.99141221374046, "percent_covered_display": "33", "missing_lines": 2809, "excluded_lines": 0, "percent_statements_covered": 32.99141221374046, "percent_statements_covered_display": "33"}}